[ 2017-09-21T08:58:44+08:00 ] 127.0.0.1 /node_modules/hdjs/require.js
INFO: [ app_init ] --START--
INFO: Run Behavior\BuildLiteBehavior [ RunTime:0.000000s ]
INFO: [ app_init ] --END-- [ RunTime:0.000000s ]
ERR: 无法加载模块:Node_modules

[ 2017-09-21T08:58:44+08:00 ] 127.0.0.1 /node_modules/hdjs/config.js
INFO: [ app_init ] --START--
INFO: Run Behavior\BuildLiteBehavior [ RunTime:0.000000s ]
INFO: [ app_init ] --END-- [ RunTime:0.001000s ]
ERR: 无法加载模块:Node_modules

[ 2017-09-21T08:58:44+08:00 ] 127.0.0.1 /node_modules/hdjs/require.js
INFO: [ app_init ] --START--
INFO: Run Behavior\BuildLiteBehavior [ RunTime:0.000000s ]
INFO: [ app_init ] --END-- [ RunTime:0.000000s ]
ERR: 无法加载模块:Node_modules

[ 2017-09-21T08:58:44+08:00 ] 127.0.0.1 /node_modules/hdjs/config.js
INFO: [ app_init ] --START--
INFO: Run Behavior\BuildLiteBehavior [ RunTime:0.000000s ]
INFO: [ app_init ] --END-- [ RunTime:0.000000s ]
ERR: 无法加载模块:Node_modules

[ 2017-09-21T08:58:44+08:00 ] 127.0.0.1 /favicon.ico
INFO: [ app_init ] --START--
INFO: Run Behavior\BuildLiteBehavior [ RunTime:0.000000s ]
INFO: [ app_init ] --END-- [ RunTime:0.000000s ]
ERR: 无法加载模块:Favicon

[ 2017-09-21T08:59:29+08:00 ] 127.0.0.1 /node_modules/hdjs/require.js
INFO: [ app_init ] --START--
INFO: Run Behavior\BuildLiteBehavior [ RunTime:0.000000s ]
INFO: [ app_init ] --END-- [ RunTime:0.000000s ]
ERR: 无法加载模块:Node_modules

[ 2017-09-21T08:59:29+08:00 ] 127.0.0.1 /node_modules/hdjs/config.js
INFO: [ app_init ] --START--
INFO: Run Behavior\BuildLiteBehavior [ RunTime:0.000000s ]
INFO: [ app_init ] --END-- [ RunTime:0.000000s ]
ERR: 无法加载模块:Node_modules

[ 2017-09-21T09:05:37+08:00 ] 127.0.0.1 /node_modules/hdjs/config.js
INFO: [ app_init ] --START--
INFO: Run Behavior\BuildLiteBehavior [ RunTime:0.000000s ]
INFO: [ app_init ] --END-- [ RunTime:0.000000s ]
ERR: 无法加载模块:Node_modules

[ 2017-09-21T09:05:37+08:00 ] 127.0.0.1 /node_modules/hdjs/require.js
INFO: [ app_init ] --START--
INFO: Run Behavior\BuildLiteBehavior [ RunTime:0.000000s ]
INFO: [ app_init ] --END-- [ RunTime:0.000000s ]
ERR: 无法加载模块:Node_modules

[ 2017-09-21T09:05:37+08:00 ] 127.0.0.1 /node_modules/hdjs/config.js
INFO: [ app_init ] --START--
INFO: Run Behavior\BuildLiteBehavior [ RunTime:0.000000s ]
INFO: [ app_init ] --END-- [ RunTime:0.000000s ]
ERR: 无法加载模块:Node_modules

[ 2017-09-21T09:05:37+08:00 ] 127.0.0.1 /node_modules/hdjs/require.js
INFO: [ app_init ] --START--
INFO: Run Behavior\BuildLiteBehavior [ RunTime:0.000000s ]
INFO: [ app_init ] --END-- [ RunTime:0.000000s ]
ERR: 无法加载模块:Node_modules

[ 2017-09-21T09:05:37+08:00 ] 127.0.0.1 /node_modules/hdjs/config.js
INFO: [ app_init ] --START--
INFO: Run Behavior\BuildLiteBehavior [ RunTime:0.001000s ]
INFO: [ app_init ] --END-- [ RunTime:0.001000s ]
ERR: 无法加载模块:Node_modules

[ 2017-09-21T09:12:11+08:00 ] 127.0.0.1 /Public/vendor/js/angular.min.js.map
INFO: [ app_init ] --START--
INFO: Run Behavior\BuildLiteBehavior [ RunTime:0.000000s ]
INFO: [ app_init ] --END-- [ RunTime:0.000000s ]
ERR: 无法加载模块:Public

[ 2017-09-21T09:12:11+08:00 ] 127.0.0.1 /Public/vendor/dist/bootstrap/css/bootstrap.min.css.map
INFO: [ app_init ] --START--
INFO: Run Behavior\BuildLiteBehavior [ RunTime:0.000000s ]
INFO: [ app_init ] --END-- [ RunTime:0.001000s ]
ERR: 无法加载模块:Public

[ 2017-09-21T09:15:35+08:00 ] 127.0.0.1 /Public/vendor/dist/bootstrap/css/bootstrap.min.css.map
INFO: [ app_init ] --START--
INFO: Run Behavior\BuildLiteBehavior [ RunTime:0.000000s ]
INFO: [ app_init ] --END-- [ RunTime:0.001000s ]
ERR: 无法加载模块:Public

[ 2017-09-21T09:15:35+08:00 ] 127.0.0.1 /Public/vendor/js/angular.min.js.map
INFO: [ app_init ] --START--
INFO: Run Behavior\BuildLiteBehavior [ RunTime:0.001001s ]
INFO: [ app_init ] --END-- [ RunTime:0.001001s ]
ERR: 无法加载模块:Public

[ 2017-09-21T09:15:40+08:00 ] 127.0.0.1 /Public/vendor/js/angular.min.js.map
INFO: [ app_init ] --START--
INFO: Run Behavior\BuildLiteBehavior [ RunTime:0.000000s ]
INFO: [ app_init ] --END-- [ RunTime:0.001000s ]
ERR: 无法加载模块:Public

[ 2017-09-21T09:15:40+08:00 ] 127.0.0.1 /Public/vendor/dist/bootstrap/css/bootstrap.min.css.map
INFO: [ app_init ] --START--
INFO: Run Behavior\BuildLiteBehavior [ RunTime:0.000000s ]
INFO: [ app_init ] --END-- [ RunTime:0.001000s ]
ERR: 无法加载模块:Public

[ 2017-09-21T09:16:24+08:00 ] 127.0.0.1 /Public/vendor/dist/bootstrap/css/bootstrap.min.css.map
INFO: [ app_init ] --START--
INFO: Run Behavior\BuildLiteBehavior [ RunTime:0.000000s ]
INFO: [ app_init ] --END-- [ RunTime:0.000000s ]
ERR: 无法加载模块:Public

[ 2017-09-21T09:16:24+08:00 ] 127.0.0.1 /Public/vendor/js/angular.min.js.map
INFO: [ app_init ] --START--
INFO: Run Behavior\BuildLiteBehavior [ RunTime:0.000000s ]
INFO: [ app_init ] --END-- [ RunTime:0.001000s ]
ERR: 无法加载模块:Public

[ 2017-09-21T09:16:25+08:00 ] 127.0.0.1 /Public/vendor/dist/bootstrap/css/bootstrap.min.css.map
INFO: [ app_init ] --START--
INFO: Run Behavior\BuildLiteBehavior [ RunTime:0.000000s ]
INFO: [ app_init ] --END-- [ RunTime:0.000000s ]
ERR: 无法加载模块:Public

[ 2017-09-21T09:16:25+08:00 ] 127.0.0.1 /Public/vendor/js/angular.min.js.map
INFO: [ app_init ] --START--
INFO: Run Behavior\BuildLiteBehavior [ RunTime:0.000000s ]
INFO: [ app_init ] --END-- [ RunTime:0.000000s ]
ERR: 无法加载模块:Public

[ 2017-09-21T09:16:34+08:00 ] 127.0.0.1 /Public/vendor/js/angular.min.js.map
INFO: [ app_init ] --START--
INFO: Run Behavior\BuildLiteBehavior [ RunTime:0.000000s ]
INFO: [ app_init ] --END-- [ RunTime:0.001000s ]
ERR: 无法加载模块:Public

[ 2017-09-21T09:16:34+08:00 ] 127.0.0.1 /Public/vendor/dist/bootstrap/css/bootstrap.min.css.map
INFO: [ app_init ] --START--
INFO: Run Behavior\BuildLiteBehavior [ RunTime:0.000000s ]
INFO: [ app_init ] --END-- [ RunTime:0.001000s ]
ERR: 无法加载模块:Public

[ 2017-09-21T09:18:07+08:00 ] 127.0.0.1 /Public/vendor/js/angular.min.js.map
INFO: [ app_init ] --START--
INFO: Run Behavior\BuildLiteBehavior [ RunTime:0.000000s ]
INFO: [ app_init ] --END-- [ RunTime:0.002001s ]
ERR: 无法加载模块:Public

[ 2017-09-21T09:18:07+08:00 ] 127.0.0.1 /Public/vendor/dist/bootstrap/css/bootstrap.min.css.map
INFO: [ app_init ] --START--
INFO: Run Behavior\BuildLiteBehavior [ RunTime:0.000000s ]
INFO: [ app_init ] --END-- [ RunTime:0.000000s ]
ERR: 无法加载模块:Public

[ 2017-09-21T09:18:09+08:00 ] 127.0.0.1 /Public/vendor/js/angular.min.js.map
INFO: [ app_init ] --START--
INFO: Run Behavior\BuildLiteBehavior [ RunTime:0.000000s ]
INFO: [ app_init ] --END-- [ RunTime:0.000000s ]
ERR: 无法加载模块:Public

[ 2017-09-21T09:18:10+08:00 ] 127.0.0.1 /Public/vendor/dist/bootstrap/css/bootstrap.min.css.map
INFO: [ app_init ] --START--
INFO: Run Behavior\BuildLiteBehavior [ RunTime:0.000000s ]
INFO: [ app_init ] --END-- [ RunTime:0.000000s ]
ERR: 无法加载模块:Public

[ 2017-09-21T09:18:11+08:00 ] 127.0.0.1 /Public/vendor/js/angular.min.js.map
INFO: [ app_init ] --START--
INFO: Run Behavior\BuildLiteBehavior [ RunTime:0.000000s ]
INFO: [ app_init ] --END-- [ RunTime:0.000000s ]
ERR: 无法加载模块:Public

[ 2017-09-21T09:18:11+08:00 ] 127.0.0.1 /Public/vendor/dist/bootstrap/css/bootstrap.min.css.map
INFO: [ app_init ] --START--
INFO: Run Behavior\BuildLiteBehavior [ RunTime:0.000000s ]
INFO: [ app_init ] --END-- [ RunTime:0.001000s ]
ERR: 无法加载模块:Public

[ 2017-09-21T09:18:29+08:00 ] 127.0.0.1 /Public/vendor/js/angular.min.js.map
INFO: [ app_init ] --START--
INFO: Run Behavior\BuildLiteBehavior [ RunTime:0.000000s ]
INFO: [ app_init ] --END-- [ RunTime:0.000000s ]
ERR: 无法加载模块:Public

[ 2017-09-21T09:18:29+08:00 ] 127.0.0.1 /Public/vendor/dist/bootstrap/css/bootstrap.min.css.map
INFO: [ app_init ] --START--
INFO: Run Behavior\BuildLiteBehavior [ RunTime:0.000000s ]
INFO: [ app_init ] --END-- [ RunTime:0.001000s ]
ERR: 无法加载模块:Public

[ 2017-09-21T09:18:30+08:00 ] 127.0.0.1 /Public/vendor/dist/bootstrap/css/bootstrap.min.css.map
INFO: [ app_init ] --START--
INFO: Run Behavior\BuildLiteBehavior [ RunTime:0.000000s ]
INFO: [ app_init ] --END-- [ RunTime:0.000000s ]
ERR: 无法加载模块:Public

[ 2017-09-21T09:18:30+08:00 ] 127.0.0.1 /Public/vendor/js/angular.min.js.map
INFO: [ app_init ] --START--
INFO: Run Behavior\BuildLiteBehavior [ RunTime:0.000000s ]
INFO: [ app_init ] --END-- [ RunTime:0.000000s ]
ERR: 无法加载模块:Public

[ 2017-09-21T09:18:32+08:00 ] 127.0.0.1 /Public/vendor/dist/bootstrap/css/bootstrap.min.css.map
INFO: [ app_init ] --START--
INFO: Run Behavior\BuildLiteBehavior [ RunTime:0.000000s ]
INFO: [ app_init ] --END-- [ RunTime:0.001000s ]
ERR: 无法加载模块:Public

[ 2017-09-21T09:18:32+08:00 ] 127.0.0.1 /Public/vendor/js/angular.min.js.map
INFO: [ app_init ] --START--
INFO: Run Behavior\BuildLiteBehavior [ RunTime:0.000000s ]
INFO: [ app_init ] --END-- [ RunTime:0.001000s ]
ERR: 无法加载模块:Public

[ 2017-09-21T09:18:36+08:00 ] 127.0.0.1 /Public/vendor/js/angular.min.js.map
INFO: [ app_init ] --START--
INFO: Run Behavior\BuildLiteBehavior [ RunTime:0.000000s ]
INFO: [ app_init ] --END-- [ RunTime:0.000000s ]
ERR: 无法加载模块:Public

[ 2017-09-21T09:18:36+08:00 ] 127.0.0.1 /Public/vendor/dist/bootstrap/css/bootstrap.min.css.map
INFO: [ app_init ] --START--
INFO: Run Behavior\BuildLiteBehavior [ RunTime:0.000000s ]
INFO: [ app_init ] --END-- [ RunTime:0.000000s ]
ERR: 无法加载模块:Public

[ 2017-09-21T09:22:18+08:00 ] 127.0.0.1 /Public/vendor/dist/bootstrap/css/bootstrap.min.css.map
INFO: [ app_init ] --START--
INFO: Run Behavior\BuildLiteBehavior [ RunTime:0.000000s ]
INFO: [ app_init ] --END-- [ RunTime:0.001000s ]
ERR: 无法加载模块:Public

[ 2017-09-21T09:22:18+08:00 ] 127.0.0.1 /Public/vendor/js/angular.min.js.map
INFO: [ app_init ] --START--
INFO: Run Behavior\BuildLiteBehavior [ RunTime:0.000000s ]
INFO: [ app_init ] --END-- [ RunTime:0.001000s ]
ERR: 无法加载模块:Public

[ 2017-09-21T09:22:21+08:00 ] 127.0.0.1 /Public/vendor/js/angular.min.js.map
INFO: [ app_init ] --START--
INFO: Run Behavior\BuildLiteBehavior [ RunTime:0.000000s ]
INFO: [ app_init ] --END-- [ RunTime:0.001000s ]
ERR: 无法加载模块:Public

[ 2017-09-21T09:22:21+08:00 ] 127.0.0.1 /Public/vendor/dist/bootstrap/css/bootstrap.min.css.map
INFO: [ app_init ] --START--
INFO: Run Behavior\BuildLiteBehavior [ RunTime:0.000000s ]
INFO: [ app_init ] --END-- [ RunTime:0.000000s ]
ERR: 无法加载模块:Public

[ 2017-09-21T09:22:50+08:00 ] 127.0.0.1 /Public/vendor/js/angular.min.js.map
INFO: [ app_init ] --START--
INFO: Run Behavior\BuildLiteBehavior [ RunTime:0.000000s ]
INFO: [ app_init ] --END-- [ RunTime:0.001000s ]
ERR: 无法加载模块:Public

[ 2017-09-21T09:22:50+08:00 ] 127.0.0.1 /Public/vendor/dist/bootstrap/css/bootstrap.min.css.map
INFO: [ app_init ] --START--
INFO: Run Behavior\BuildLiteBehavior [ RunTime:0.000000s ]
INFO: [ app_init ] --END-- [ RunTime:0.001000s ]
ERR: 无法加载模块:Public

[ 2017-09-21T09:22:52+08:00 ] 127.0.0.1 /Public/vendor/js/angular.min.js.map
INFO: [ app_init ] --START--
INFO: Run Behavior\BuildLiteBehavior [ RunTime:0.000000s ]
INFO: [ app_init ] --END-- [ RunTime:0.000000s ]
ERR: 无法加载模块:Public

[ 2017-09-21T09:22:52+08:00 ] 127.0.0.1 /Public/vendor/dist/bootstrap/css/bootstrap.min.css.map
INFO: [ app_init ] --START--
INFO: Run Behavior\BuildLiteBehavior [ RunTime:0.000000s ]
INFO: [ app_init ] --END-- [ RunTime:0.000000s ]
ERR: 无法加载模块:Public

[ 2017-09-21T09:22:54+08:00 ] 127.0.0.1 /Public/vendor/dist/bootstrap/css/bootstrap.min.css.map
INFO: [ app_init ] --START--
INFO: Run Behavior\BuildLiteBehavior [ RunTime:0.000000s ]
INFO: [ app_init ] --END-- [ RunTime:0.001000s ]
ERR: 无法加载模块:Public

[ 2017-09-21T09:22:54+08:00 ] 127.0.0.1 /Public/vendor/js/angular.min.js.map
INFO: [ app_init ] --START--
INFO: Run Behavior\BuildLiteBehavior [ RunTime:0.000000s ]
INFO: [ app_init ] --END-- [ RunTime:0.001000s ]
ERR: 无法加载模块:Public

[ 2017-09-21T09:22:59+08:00 ] 127.0.0.1 /Public/vendor/js/angular.min.js.map
INFO: [ app_init ] --START--
INFO: Run Behavior\BuildLiteBehavior [ RunTime:0.000000s ]
INFO: [ app_init ] --END-- [ RunTime:0.001000s ]
ERR: 无法加载模块:Public

[ 2017-09-21T09:22:59+08:00 ] 127.0.0.1 /Public/vendor/dist/bootstrap/css/bootstrap.min.css.map
INFO: [ app_init ] --START--
INFO: Run Behavior\BuildLiteBehavior [ RunTime:0.000000s ]
INFO: [ app_init ] --END-- [ RunTime:0.000000s ]
ERR: 无法加载模块:Public

[ 2017-09-21T09:23:02+08:00 ] 127.0.0.1 /Public/vendor/js/angular.min.js.map
INFO: [ app_init ] --START--
INFO: Run Behavior\BuildLiteBehavior [ RunTime:0.000000s ]
INFO: [ app_init ] --END-- [ RunTime:0.000000s ]
ERR: 无法加载模块:Public

[ 2017-09-21T09:23:02+08:00 ] 127.0.0.1 /Public/vendor/dist/bootstrap/css/bootstrap.min.css.map
INFO: [ app_init ] --START--
INFO: Run Behavior\BuildLiteBehavior [ RunTime:0.000000s ]
INFO: [ app_init ] --END-- [ RunTime:0.000000s ]
ERR: 无法加载模块:Public

[ 2017-09-21T09:23:04+08:00 ] 127.0.0.1 /Public/vendor/js/angular.min.js.map
INFO: [ app_init ] --START--
INFO: Run Behavior\BuildLiteBehavior [ RunTime:0.000000s ]
INFO: [ app_init ] --END-- [ RunTime:0.001000s ]
ERR: 无法加载模块:Public

[ 2017-09-21T09:23:04+08:00 ] 127.0.0.1 /Public/vendor/dist/bootstrap/css/bootstrap.min.css.map
INFO: [ app_init ] --START--
INFO: Run Behavior\BuildLiteBehavior [ RunTime:0.000000s ]
INFO: [ app_init ] --END-- [ RunTime:0.000000s ]
ERR: 无法加载模块:Public

[ 2017-09-21T09:23:05+08:00 ] 127.0.0.1 /Public/vendor/dist/bootstrap/css/bootstrap.min.css.map
INFO: [ app_init ] --START--
INFO: Run Behavior\BuildLiteBehavior [ RunTime:0.000000s ]
INFO: [ app_init ] --END-- [ RunTime:0.000000s ]
ERR: 无法加载模块:Public

[ 2017-09-21T09:23:05+08:00 ] 127.0.0.1 /Public/vendor/js/angular.min.js.map
INFO: [ app_init ] --START--
INFO: Run Behavior\BuildLiteBehavior [ RunTime:0.000000s ]
INFO: [ app_init ] --END-- [ RunTime:0.001001s ]
ERR: 无法加载模块:Public

[ 2017-09-21T09:23:06+08:00 ] 127.0.0.1 /Public/vendor/dist/bootstrap/css/bootstrap.min.css.map
INFO: [ app_init ] --START--
INFO: Run Behavior\BuildLiteBehavior [ RunTime:0.000000s ]
INFO: [ app_init ] --END-- [ RunTime:0.001000s ]
ERR: 无法加载模块:Public

[ 2017-09-21T09:23:06+08:00 ] 127.0.0.1 /Public/vendor/js/angular.min.js.map
INFO: [ app_init ] --START--
INFO: Run Behavior\BuildLiteBehavior [ RunTime:0.000000s ]
INFO: [ app_init ] --END-- [ RunTime:0.001001s ]
ERR: 无法加载模块:Public

[ 2017-09-21T09:23:10+08:00 ] 127.0.0.1 /Public/vendor/js/angular.min.js.map
INFO: [ app_init ] --START--
INFO: Run Behavior\BuildLiteBehavior [ RunTime:0.000000s ]
INFO: [ app_init ] --END-- [ RunTime:0.001000s ]
ERR: 无法加载模块:Public

[ 2017-09-21T09:23:10+08:00 ] 127.0.0.1 /Public/vendor/dist/bootstrap/css/bootstrap.min.css.map
INFO: [ app_init ] --START--
INFO: Run Behavior\BuildLiteBehavior [ RunTime:0.000000s ]
INFO: [ app_init ] --END-- [ RunTime:0.000000s ]
ERR: 无法加载模块:Public

[ 2017-09-21T09:25:04+08:00 ] 127.0.0.1 /Public/vendor/dist/bootstrap/css/bootstrap.min.css.map
INFO: [ app_init ] --START--
INFO: Run Behavior\BuildLiteBehavior [ RunTime:0.000000s ]
INFO: [ app_init ] --END-- [ RunTime:0.000000s ]
ERR: 无法加载模块:Public

[ 2017-09-21T09:25:04+08:00 ] 127.0.0.1 /Public/vendor/js/angular.min.js.map
INFO: [ app_init ] --START--
INFO: Run Behavior\BuildLiteBehavior [ RunTime:0.000000s ]
INFO: [ app_init ] --END-- [ RunTime:0.001000s ]
ERR: 无法加载模块:Public

[ 2017-09-21T09:25:06+08:00 ] 127.0.0.1 /Public/vendor/dist/bootstrap/css/bootstrap.min.css.map
INFO: [ app_init ] --START--
INFO: Run Behavior\BuildLiteBehavior [ RunTime:0.000000s ]
INFO: [ app_init ] --END-- [ RunTime:0.000000s ]
ERR: 无法加载模块:Public

[ 2017-09-21T09:25:06+08:00 ] 127.0.0.1 /Public/vendor/js/angular.min.js.map
INFO: [ app_init ] --START--
INFO: Run Behavior\BuildLiteBehavior [ RunTime:0.000000s ]
INFO: [ app_init ] --END-- [ RunTime:0.001000s ]
ERR: 无法加载模块:Public

[ 2017-09-21T09:25:11+08:00 ] 127.0.0.1 /Public/vendor/js/angular.min.js.map
INFO: [ app_init ] --START--
INFO: Run Behavior\BuildLiteBehavior [ RunTime:0.000000s ]
INFO: [ app_init ] --END-- [ RunTime:0.000000s ]
ERR: 无法加载模块:Public

[ 2017-09-21T09:25:11+08:00 ] 127.0.0.1 /Public/vendor/dist/bootstrap/css/bootstrap.min.css.map
INFO: [ app_init ] --START--
INFO: Run Behavior\BuildLiteBehavior [ RunTime:0.000000s ]
INFO: [ app_init ] --END-- [ RunTime:0.001000s ]
ERR: 无法加载模块:Public

[ 2017-09-21T09:26:04+08:00 ] 127.0.0.1 /Public/vendor/dist/bootstrap/css/bootstrap.min.css.map
INFO: [ app_init ] --START--
INFO: Run Behavior\BuildLiteBehavior [ RunTime:0.000000s ]
INFO: [ app_init ] --END-- [ RunTime:0.001001s ]
ERR: 无法加载模块:Public

[ 2017-09-21T09:26:04+08:00 ] 127.0.0.1 /Public/vendor/js/angular.min.js.map
INFO: [ app_init ] --START--
INFO: Run Behavior\BuildLiteBehavior [ RunTime:0.000000s ]
INFO: [ app_init ] --END-- [ RunTime:0.000000s ]
ERR: 无法加载模块:Public

[ 2017-09-21T09:26:08+08:00 ] 127.0.0.1 /Public/vendor/js/angular.min.js.map
INFO: [ app_init ] --START--
INFO: Run Behavior\BuildLiteBehavior [ RunTime:0.000000s ]
INFO: [ app_init ] --END-- [ RunTime:0.000000s ]
ERR: 无法加载模块:Public

[ 2017-09-21T09:26:08+08:00 ] 127.0.0.1 /Public/vendor/dist/bootstrap/css/bootstrap.min.css.map
INFO: [ app_init ] --START--
INFO: Run Behavior\BuildLiteBehavior [ RunTime:0.000000s ]
INFO: [ app_init ] --END-- [ RunTime:0.001000s ]
ERR: 无法加载模块:Public

[ 2017-09-21T09:29:15+08:00 ] 127.0.0.1 /Public/vendor/dist/bootstrap/css/bootstrap.min.css.map
INFO: [ app_init ] --START--
INFO: Run Behavior\BuildLiteBehavior [ RunTime:0.000000s ]
INFO: [ app_init ] --END-- [ RunTime:0.000000s ]
ERR: 无法加载模块:Public

[ 2017-09-21T09:29:15+08:00 ] 127.0.0.1 /Public/vendor/js/angular.min.js.map
INFO: [ app_init ] --START--
INFO: Run Behavior\BuildLiteBehavior [ RunTime:0.000000s ]
INFO: [ app_init ] --END-- [ RunTime:0.000000s ]
ERR: 无法加载模块:Public

[ 2017-09-21T09:29:19+08:00 ] 127.0.0.1 /Public/vendor/js/angular.min.js.map
INFO: [ app_init ] --START--
INFO: Run Behavior\BuildLiteBehavior [ RunTime:0.000000s ]
INFO: [ app_init ] --END-- [ RunTime:0.001001s ]
ERR: 无法加载模块:Public

[ 2017-09-21T09:29:19+08:00 ] 127.0.0.1 /Public/vendor/dist/bootstrap/css/bootstrap.min.css.map
INFO: [ app_init ] --START--
INFO: Run Behavior\BuildLiteBehavior [ RunTime:0.000000s ]
INFO: [ app_init ] --END-- [ RunTime:0.000000s ]
ERR: 无法加载模块:Public

[ 2017-09-21T09:29:58+08:00 ] 127.0.0.1 /Public/vendor/dist/bootstrap/css/bootstrap.min.css.map
INFO: [ app_init ] --START--
INFO: Run Behavior\BuildLiteBehavior [ RunTime:0.000000s ]
INFO: [ app_init ] --END-- [ RunTime:0.000000s ]
ERR: 无法加载模块:Public

[ 2017-09-21T09:29:59+08:00 ] 127.0.0.1 /Public/vendor/js/angular.min.js.map
INFO: [ app_init ] --START--
INFO: Run Behavior\BuildLiteBehavior [ RunTime:0.000000s ]
INFO: [ app_init ] --END-- [ RunTime:0.001000s ]
ERR: 无法加载模块:Public

[ 2017-09-21T09:30:03+08:00 ] 127.0.0.1 /Public/vendor/js/angular.min.js.map
INFO: [ app_init ] --START--
INFO: Run Behavior\BuildLiteBehavior [ RunTime:0.000000s ]
INFO: [ app_init ] --END-- [ RunTime:0.001001s ]
ERR: 无法加载模块:Public

[ 2017-09-21T09:30:03+08:00 ] 127.0.0.1 /Public/vendor/dist/bootstrap/css/bootstrap.min.css.map
INFO: [ app_init ] --START--
INFO: Run Behavior\BuildLiteBehavior [ RunTime:0.000000s ]
INFO: [ app_init ] --END-- [ RunTime:0.001000s ]
ERR: 无法加载模块:Public

[ 2017-09-21T09:32:41+08:00 ] 127.0.0.1 /Public/vendor/js/angular.min.js.map
INFO: [ app_init ] --START--
INFO: Run Behavior\BuildLiteBehavior [ RunTime:0.000000s ]
INFO: [ app_init ] --END-- [ RunTime:0.000000s ]
ERR: 无法加载模块:Public

[ 2017-09-21T09:32:41+08:00 ] 127.0.0.1 /Public/vendor/dist/bootstrap/css/bootstrap.min.css.map
INFO: [ app_init ] --START--
INFO: Run Behavior\BuildLiteBehavior [ RunTime:0.000000s ]
INFO: [ app_init ] --END-- [ RunTime:0.001000s ]
ERR: 无法加载模块:Public

[ 2017-09-21T09:32:44+08:00 ] 127.0.0.1 /Public/vendor/js/angular.min.js.map
INFO: [ app_init ] --START--
INFO: Run Behavior\BuildLiteBehavior [ RunTime:0.000000s ]
INFO: [ app_init ] --END-- [ RunTime:0.001000s ]
ERR: 无法加载模块:Public

[ 2017-09-21T09:32:44+08:00 ] 127.0.0.1 /Public/vendor/dist/bootstrap/css/bootstrap.min.css.map
INFO: [ app_init ] --START--
INFO: Run Behavior\BuildLiteBehavior [ RunTime:0.000000s ]
INFO: [ app_init ] --END-- [ RunTime:0.001000s ]
ERR: 无法加载模块:Public

[ 2017-09-21T09:32:45+08:00 ] 127.0.0.1 /Public/vendor/dist/bootstrap/css/bootstrap.min.css.map
INFO: [ app_init ] --START--
INFO: Run Behavior\BuildLiteBehavior [ RunTime:0.000000s ]
INFO: [ app_init ] --END-- [ RunTime:0.001000s ]
ERR: 无法加载模块:Public

[ 2017-09-21T09:32:46+08:00 ] 127.0.0.1 /Public/vendor/js/angular.min.js.map
INFO: [ app_init ] --START--
INFO: Run Behavior\BuildLiteBehavior [ RunTime:0.000000s ]
INFO: [ app_init ] --END-- [ RunTime:0.001000s ]
ERR: 无法加载模块:Public

[ 2017-09-21T09:32:50+08:00 ] 127.0.0.1 /Public/vendor/js/angular.min.js.map
INFO: [ app_init ] --START--
INFO: Run Behavior\BuildLiteBehavior [ RunTime:0.000000s ]
INFO: [ app_init ] --END-- [ RunTime:0.000000s ]
ERR: 无法加载模块:Public

[ 2017-09-21T09:32:50+08:00 ] 127.0.0.1 /Public/vendor/dist/bootstrap/css/bootstrap.min.css.map
INFO: [ app_init ] --START--
INFO: Run Behavior\BuildLiteBehavior [ RunTime:0.000000s ]
INFO: [ app_init ] --END-- [ RunTime:0.001000s ]
ERR: 无法加载模块:Public

[ 2017-09-21T09:32:54+08:00 ] 127.0.0.1 /Public/vendor/dist/bootstrap/css/bootstrap.min.css.map
INFO: [ app_init ] --START--
INFO: Run Behavior\BuildLiteBehavior [ RunTime:0.000000s ]
INFO: [ app_init ] --END-- [ RunTime:0.001000s ]
ERR: 无法加载模块:Public

[ 2017-09-21T09:32:54+08:00 ] 127.0.0.1 /Public/vendor/js/angular.min.js.map
INFO: [ app_init ] --START--
INFO: Run Behavior\BuildLiteBehavior [ RunTime:0.000000s ]
INFO: [ app_init ] --END-- [ RunTime:0.001000s ]
ERR: 无法加载模块:Public

[ 2017-09-21T09:32:55+08:00 ] 127.0.0.1 /Public/vendor/dist/bootstrap/css/bootstrap.min.css.map
INFO: [ app_init ] --START--
INFO: Run Behavior\BuildLiteBehavior [ RunTime:0.000000s ]
INFO: [ app_init ] --END-- [ RunTime:0.000000s ]
ERR: 无法加载模块:Public

[ 2017-09-21T09:32:55+08:00 ] 127.0.0.1 /Public/vendor/js/angular.min.js.map
INFO: [ app_init ] --START--
INFO: Run Behavior\BuildLiteBehavior [ RunTime:0.000000s ]
INFO: [ app_init ] --END-- [ RunTime:0.001000s ]
ERR: 无法加载模块:Public

[ 2017-09-21T09:33:00+08:00 ] 127.0.0.1 /Public/vendor/js/angular.min.js.map
INFO: [ app_init ] --START--
INFO: Run Behavior\BuildLiteBehavior [ RunTime:0.000000s ]
INFO: [ app_init ] --END-- [ RunTime:0.001000s ]
ERR: 无法加载模块:Public

[ 2017-09-21T09:33:00+08:00 ] 127.0.0.1 /Public/vendor/dist/bootstrap/css/bootstrap.min.css.map
INFO: [ app_init ] --START--
INFO: Run Behavior\BuildLiteBehavior [ RunTime:0.000000s ]
INFO: [ app_init ] --END-- [ RunTime:0.001000s ]
ERR: 无法加载模块:Public

[ 2017-09-21T09:33:22+08:00 ] 127.0.0.1 /Public/vendor/dist/bootstrap/css/bootstrap.min.css.map
INFO: [ app_init ] --START--
INFO: Run Behavior\BuildLiteBehavior [ RunTime:0.000000s ]
INFO: [ app_init ] --END-- [ RunTime:0.001000s ]
ERR: 无法加载模块:Public

[ 2017-09-21T09:33:22+08:00 ] 127.0.0.1 /Public/vendor/js/angular.min.js.map
INFO: [ app_init ] --START--
INFO: Run Behavior\BuildLiteBehavior [ RunTime:0.000000s ]
INFO: [ app_init ] --END-- [ RunTime:0.000000s ]
ERR: 无法加载模块:Public

[ 2017-09-21T09:35:01+08:00 ] 127.0.0.1 /Public/vendor/dist/bootstrap/css/bootstrap.min.css.map
INFO: [ app_init ] --START--
INFO: Run Behavior\BuildLiteBehavior [ RunTime:0.000000s ]
INFO: [ app_init ] --END-- [ RunTime:0.000000s ]
ERR: 无法加载模块:Public

[ 2017-09-21T09:35:01+08:00 ] 127.0.0.1 /Public/vendor/js/angular.min.js.map
INFO: [ app_init ] --START--
INFO: Run Behavior\BuildLiteBehavior [ RunTime:0.000000s ]
INFO: [ app_init ] --END-- [ RunTime:0.001000s ]
ERR: 无法加载模块:Public

[ 2017-09-21T09:35:05+08:00 ] 127.0.0.1 /Public/vendor/js/angular.min.js.map
INFO: [ app_init ] --START--
INFO: Run Behavior\BuildLiteBehavior [ RunTime:0.000000s ]
INFO: [ app_init ] --END-- [ RunTime:0.000000s ]
ERR: 无法加载模块:Public

[ 2017-09-21T09:35:05+08:00 ] 127.0.0.1 /Public/vendor/dist/bootstrap/css/bootstrap.min.css.map
INFO: [ app_init ] --START--
INFO: Run Behavior\BuildLiteBehavior [ RunTime:0.000000s ]
INFO: [ app_init ] --END-- [ RunTime:0.000000s ]
ERR: 无法加载模块:Public

[ 2017-09-21T09:35:29+08:00 ] 127.0.0.1 /Public/vendor/dist/bootstrap/css/bootstrap.min.css.map
INFO: [ app_init ] --START--
INFO: Run Behavior\BuildLiteBehavior [ RunTime:0.000000s ]
INFO: [ app_init ] --END-- [ RunTime:0.001000s ]
ERR: 无法加载模块:Public

[ 2017-09-21T09:35:30+08:00 ] 127.0.0.1 /Public/vendor/js/angular.min.js.map
INFO: [ app_init ] --START--
INFO: Run Behavior\BuildLiteBehavior [ RunTime:0.000000s ]
INFO: [ app_init ] --END-- [ RunTime:0.001000s ]
ERR: 无法加载模块:Public

[ 2017-09-21T09:35:34+08:00 ] 127.0.0.1 /Public/vendor/js/angular.min.js.map
INFO: [ app_init ] --START--
INFO: Run Behavior\BuildLiteBehavior [ RunTime:0.000000s ]
INFO: [ app_init ] --END-- [ RunTime:0.000000s ]
ERR: 无法加载模块:Public

[ 2017-09-21T09:35:34+08:00 ] 127.0.0.1 /Public/vendor/dist/bootstrap/css/bootstrap.min.css.map
INFO: [ app_init ] --START--
INFO: Run Behavior\BuildLiteBehavior [ RunTime:0.000000s ]
INFO: [ app_init ] --END-- [ RunTime:0.001000s ]
ERR: 无法加载模块:Public

[ 2017-09-21T09:37:04+08:00 ] 127.0.0.1 /Public/vendor/dist/bootstrap/css/bootstrap.min.css.map
INFO: [ app_init ] --START--
INFO: Run Behavior\BuildLiteBehavior [ RunTime:0.000000s ]
INFO: [ app_init ] --END-- [ RunTime:0.001000s ]
ERR: 无法加载模块:Public

[ 2017-09-21T09:37:04+08:00 ] 127.0.0.1 /Public/vendor/js/angular.min.js.map
INFO: [ app_init ] --START--
INFO: Run Behavior\BuildLiteBehavior [ RunTime:0.000000s ]
INFO: [ app_init ] --END-- [ RunTime:0.000000s ]
ERR: 无法加载模块:Public

[ 2017-09-21T09:37:07+08:00 ] 127.0.0.1 /Public/vendor/js/angular.min.js.map
INFO: [ app_init ] --START--
INFO: Run Behavior\BuildLiteBehavior [ RunTime:0.000000s ]
INFO: [ app_init ] --END-- [ RunTime:0.001000s ]
ERR: 无法加载模块:Public

[ 2017-09-21T09:37:07+08:00 ] 127.0.0.1 /Public/vendor/dist/bootstrap/css/bootstrap.min.css.map
INFO: [ app_init ] --START--
INFO: Run Behavior\BuildLiteBehavior [ RunTime:0.000000s ]
INFO: [ app_init ] --END-- [ RunTime:0.000000s ]
ERR: 无法加载模块:Public

[ 2017-09-21T09:49:48+08:00 ] 127.0.0.1 /Public/vendor/dist/bootstrap/css/bootstrap.min.css.map
INFO: [ app_init ] --START--
INFO: Run Behavior\BuildLiteBehavior [ RunTime:0.000000s ]
INFO: [ app_init ] --END-- [ RunTime:0.001000s ]
ERR: 无法加载模块:Public

[ 2017-09-21T09:49:48+08:00 ] 127.0.0.1 /Public/vendor/js/angular.min.js.map
INFO: [ app_init ] --START--
INFO: Run Behavior\BuildLiteBehavior [ RunTime:0.000000s ]
INFO: [ app_init ] --END-- [ RunTime:0.001000s ]
ERR: 无法加载模块:Public

[ 2017-09-21T09:49:52+08:00 ] 127.0.0.1 /Public/vendor/js/angular.min.js.map
INFO: [ app_init ] --START--
INFO: Run Behavior\BuildLiteBehavior [ RunTime:0.000000s ]
INFO: [ app_init ] --END-- [ RunTime:0.001000s ]
ERR: 无法加载模块:Public

[ 2017-09-21T09:49:52+08:00 ] 127.0.0.1 /Public/vendor/dist/bootstrap/css/bootstrap.min.css.map
INFO: [ app_init ] --START--
INFO: Run Behavior\BuildLiteBehavior [ RunTime:0.000000s ]
INFO: [ app_init ] --END-- [ RunTime:0.001000s ]
ERR: 无法加载模块:Public

[ 2017-09-21T09:50:37+08:00 ] 127.0.0.1 /Public/vendor/dist/bootstrap/css/bootstrap.min.css.map
INFO: [ app_init ] --START--
INFO: Run Behavior\BuildLiteBehavior [ RunTime:0.000000s ]
INFO: [ app_init ] --END-- [ RunTime:0.000000s ]
ERR: 无法加载模块:Public

[ 2017-09-21T09:50:37+08:00 ] 127.0.0.1 /Public/vendor/js/angular.min.js.map
INFO: [ app_init ] --START--
INFO: Run Behavior\BuildLiteBehavior [ RunTime:0.000000s ]
INFO: [ app_init ] --END-- [ RunTime:0.000000s ]
ERR: 无法加载模块:Public

[ 2017-09-21T09:50:37+08:00 ] 127.0.0.1 /Public/vendor/dist/bootstrap/css/bootstrap.min.css.map
INFO: [ app_init ] --START--
INFO: Run Behavior\BuildLiteBehavior [ RunTime:0.000000s ]
INFO: [ app_init ] --END-- [ RunTime:0.001000s ]
ERR: 无法加载模块:Public

[ 2017-09-21T09:50:38+08:00 ] 127.0.0.1 /Public/vendor/js/angular.min.js.map
INFO: [ app_init ] --START--
INFO: Run Behavior\BuildLiteBehavior [ RunTime:0.000000s ]
INFO: [ app_init ] --END-- [ RunTime:0.000000s ]
ERR: 无法加载模块:Public

[ 2017-09-21T09:50:40+08:00 ] 127.0.0.1 /Public/vendor/js/angular.min.js.map
INFO: [ app_init ] --START--
INFO: Run Behavior\BuildLiteBehavior [ RunTime:0.000000s ]
INFO: [ app_init ] --END-- [ RunTime:0.001000s ]
ERR: 无法加载模块:Public

[ 2017-09-21T09:50:40+08:00 ] 127.0.0.1 /Public/vendor/dist/bootstrap/css/bootstrap.min.css.map
INFO: [ app_init ] --START--
INFO: Run Behavior\BuildLiteBehavior [ RunTime:0.000000s ]
INFO: [ app_init ] --END-- [ RunTime:0.001000s ]
ERR: 无法加载模块:Public

[ 2017-09-21T09:53:28+08:00 ] 127.0.0.1 /Public/vendor/dist/bootstrap/css/bootstrap.min.css.map
INFO: [ app_init ] --START--
INFO: Run Behavior\BuildLiteBehavior [ RunTime:0.000000s ]
INFO: [ app_init ] --END-- [ RunTime:0.000000s ]
ERR: 无法加载模块:Public

[ 2017-09-21T09:53:28+08:00 ] 127.0.0.1 /Public/vendor/js/angular.min.js.map
INFO: [ app_init ] --START--
INFO: Run Behavior\BuildLiteBehavior [ RunTime:0.000000s ]
INFO: [ app_init ] --END-- [ RunTime:0.000000s ]
ERR: 无法加载模块:Public

[ 2017-09-21T09:53:29+08:00 ] 127.0.0.1 /Public/vendor/dist/bootstrap/css/bootstrap.min.css.map
INFO: [ app_init ] --START--
INFO: Run Behavior\BuildLiteBehavior [ RunTime:0.000000s ]
INFO: [ app_init ] --END-- [ RunTime:0.000000s ]
ERR: 无法加载模块:Public

[ 2017-09-21T09:53:29+08:00 ] 127.0.0.1 /Public/vendor/js/angular.min.js.map
INFO: [ app_init ] --START--
INFO: Run Behavior\BuildLiteBehavior [ RunTime:0.000000s ]
INFO: [ app_init ] --END-- [ RunTime:0.001000s ]
ERR: 无法加载模块:Public

[ 2017-09-21T09:53:32+08:00 ] 127.0.0.1 /Public/vendor/dist/bootstrap/css/bootstrap.min.css.map
INFO: [ app_init ] --START--
INFO: Run Behavior\BuildLiteBehavior [ RunTime:0.000000s ]
INFO: [ app_init ] --END-- [ RunTime:0.001000s ]
ERR: 无法加载模块:Public

[ 2017-09-21T09:54:16+08:00 ] 127.0.0.1 /Public/vendor/dist/bootstrap/css/bootstrap.min.css.map
INFO: [ app_init ] --START--
INFO: Run Behavior\BuildLiteBehavior [ RunTime:0.000000s ]
INFO: [ app_init ] --END-- [ RunTime:0.000000s ]
ERR: 无法加载模块:Public

[ 2017-09-21T09:54:17+08:00 ] 127.0.0.1 /Public/vendor/js/angular.min.js.map
INFO: [ app_init ] --START--
INFO: Run Behavior\BuildLiteBehavior [ RunTime:0.000000s ]
INFO: [ app_init ] --END-- [ RunTime:0.001000s ]
ERR: 无法加载模块:Public

[ 2017-09-21T09:54:17+08:00 ] 127.0.0.1 /Public/vendor/dist/bootstrap/css/bootstrap.min.css.map
INFO: [ app_init ] --START--
INFO: Run Behavior\BuildLiteBehavior [ RunTime:0.000000s ]
INFO: [ app_init ] --END-- [ RunTime:0.001000s ]
ERR: 无法加载模块:Public

[ 2017-09-21T09:54:18+08:00 ] 127.0.0.1 /Public/vendor/js/angular.min.js.map
INFO: [ app_init ] --START--
INFO: Run Behavior\BuildLiteBehavior [ RunTime:0.000000s ]
INFO: [ app_init ] --END-- [ RunTime:0.000000s ]
ERR: 无法加载模块:Public

[ 2017-09-21T09:54:20+08:00 ] 127.0.0.1 /Public/vendor/dist/bootstrap/css/bootstrap.min.css.map
INFO: [ app_init ] --START--
INFO: Run Behavior\BuildLiteBehavior [ RunTime:0.000000s ]
INFO: [ app_init ] --END-- [ RunTime:0.001000s ]
ERR: 无法加载模块:Public

[ 2017-09-21T09:54:45+08:00 ] 127.0.0.1 /Public/vendor/dist/bootstrap/css/bootstrap.min.css.map
INFO: [ app_init ] --START--
INFO: Run Behavior\BuildLiteBehavior [ RunTime:0.000000s ]
INFO: [ app_init ] --END-- [ RunTime:0.001000s ]
ERR: 无法加载模块:Public

[ 2017-09-21T09:54:45+08:00 ] 127.0.0.1 /Public/vendor/js/angular.min.js.map
INFO: [ app_init ] --START--
INFO: Run Behavior\BuildLiteBehavior [ RunTime:0.000000s ]
INFO: [ app_init ] --END-- [ RunTime:0.001000s ]
ERR: 无法加载模块:Public

[ 2017-09-21T09:54:46+08:00 ] 127.0.0.1 /Public/vendor/dist/bootstrap/css/bootstrap.min.css.map
INFO: [ app_init ] --START--
INFO: Run Behavior\BuildLiteBehavior [ RunTime:0.000000s ]
INFO: [ app_init ] --END-- [ RunTime:0.000000s ]
ERR: 无法加载模块:Public

[ 2017-09-21T09:54:46+08:00 ] 127.0.0.1 /Public/vendor/js/angular.min.js.map
INFO: [ app_init ] --START--
INFO: Run Behavior\BuildLiteBehavior [ RunTime:0.000000s ]
INFO: [ app_init ] --END-- [ RunTime:0.002000s ]
ERR: 无法加载模块:Public

[ 2017-09-21T09:54:50+08:00 ] 127.0.0.1 /Public/vendor/dist/bootstrap/css/bootstrap.min.css.map
INFO: [ app_init ] --START--
INFO: Run Behavior\BuildLiteBehavior [ RunTime:0.000000s ]
INFO: [ app_init ] --END-- [ RunTime:0.001000s ]
ERR: 无法加载模块:Public

[ 2017-09-21T10:17:16+08:00 ] 127.0.0.1 /Public/vendor/dist/bootstrap/css/bootstrap.min.css.map
INFO: [ app_init ] --START--
INFO: Run Behavior\BuildLiteBehavior [ RunTime:0.000000s ]
INFO: [ app_init ] --END-- [ RunTime:0.000000s ]
ERR: 无法加载模块:Public

[ 2017-09-21T10:17:31+08:00 ] 127.0.0.1 /Public/vendor/dist/bootstrap/css/bootstrap.min.css.map
INFO: [ app_init ] --START--
INFO: Run Behavior\BuildLiteBehavior [ RunTime:0.000000s ]
INFO: [ app_init ] --END-- [ RunTime:0.000000s ]
ERR: 无法加载模块:Public

[ 2017-09-21T10:17:31+08:00 ] 127.0.0.1 /Public/vendor/js/angular.min.js.map
INFO: [ app_init ] --START--
INFO: Run Behavior\BuildLiteBehavior [ RunTime:0.000000s ]
INFO: [ app_init ] --END-- [ RunTime:0.001000s ]
ERR: 无法加载模块:Public

[ 2017-09-21T10:27:08+08:00 ] 127.0.0.1 /Public/vendor/dist/bootstrap/css/bootstrap.min.css.map
INFO: [ app_init ] --START--
INFO: Run Behavior\BuildLiteBehavior [ RunTime:0.000000s ]
INFO: [ app_init ] --END-- [ RunTime:0.001000s ]
ERR: 无法加载模块:Public

[ 2017-09-21T10:27:08+08:00 ] 127.0.0.1 /Public/vendor/js/angular.min.js.map
INFO: [ app_init ] --START--
INFO: Run Behavior\BuildLiteBehavior [ RunTime:0.000000s ]
INFO: [ app_init ] --END-- [ RunTime:0.001000s ]
ERR: 无法加载模块:Public

[ 2017-09-21T10:27:11+08:00 ] 127.0.0.1 /Public/vendor/dist/bootstrap/css/bootstrap.min.css.map
INFO: [ app_init ] --START--
INFO: Run Behavior\BuildLiteBehavior [ RunTime:0.000000s ]
INFO: [ app_init ] --END-- [ RunTime:0.001000s ]
ERR: 无法加载模块:Public

[ 2017-09-21T10:28:24+08:00 ] 127.0.0.1 /Public/vendor/js/angular.min.js.map
INFO: [ app_init ] --START--
INFO: Run Behavior\BuildLiteBehavior [ RunTime:0.000000s ]
INFO: [ app_init ] --END-- [ RunTime:0.001000s ]
ERR: 无法加载模块:Public

[ 2017-09-21T10:28:24+08:00 ] 127.0.0.1 /Public/vendor/dist/bootstrap/css/bootstrap.min.css.map
INFO: [ app_init ] --START--
INFO: Run Behavior\BuildLiteBehavior [ RunTime:0.000000s ]
INFO: [ app_init ] --END-- [ RunTime:0.000000s ]
ERR: 无法加载模块:Public

[ 2017-09-21T10:38:27+08:00 ] 127.0.0.1 /Public/vendor/dist/bootstrap/css/bootstrap.min.css.map
INFO: [ app_init ] --START--
INFO: Run Behavior\BuildLiteBehavior [ RunTime:0.000000s ]
INFO: [ app_init ] --END-- [ RunTime:0.000000s ]
ERR: 无法加载模块:Public

[ 2017-09-21T10:40:53+08:00 ] 127.0.0.1 /Public/vendor/js/angular.min.js.map
INFO: [ app_init ] --START--
INFO: Run Behavior\BuildLiteBehavior [ RunTime:0.000000s ]
INFO: [ app_init ] --END-- [ RunTime:0.001000s ]
ERR: 无法加载模块:Public

[ 2017-09-21T10:40:53+08:00 ] 127.0.0.1 /Public/vendor/dist/bootstrap/css/bootstrap.min.css.map
INFO: [ app_init ] --START--
INFO: Run Behavior\BuildLiteBehavior [ RunTime:0.000000s ]
INFO: [ app_init ] --END-- [ RunTime:0.000000s ]
ERR: 无法加载模块:Public

[ 2017-09-21T10:41:04+08:00 ] 127.0.0.1 /Public/vendor/js/angular.min.js.map
INFO: [ app_init ] --START--
INFO: Run Behavior\BuildLiteBehavior [ RunTime:0.000000s ]
INFO: [ app_init ] --END-- [ RunTime:0.000000s ]
ERR: 无法加载模块:Public

[ 2017-09-21T10:41:04+08:00 ] 127.0.0.1 /Public/vendor/dist/bootstrap/css/bootstrap.min.css.map
INFO: [ app_init ] --START--
INFO: Run Behavior\BuildLiteBehavior [ RunTime:0.000000s ]
INFO: [ app_init ] --END-- [ RunTime:0.000000s ]
ERR: 无法加载模块:Public

[ 2017-09-21T10:41:06+08:00 ] 127.0.0.1 /Public/vendor/dist/bootstrap/css/bootstrap.min.css.map
INFO: [ app_init ] --START--
INFO: Run Behavior\BuildLiteBehavior [ RunTime:0.000000s ]
INFO: [ app_init ] --END-- [ RunTime:0.001000s ]
ERR: 无法加载模块:Public

[ 2017-09-21T10:41:06+08:00 ] 127.0.0.1 /Public/vendor/js/angular.min.js.map
INFO: [ app_init ] --START--
INFO: Run Behavior\BuildLiteBehavior [ RunTime:0.000000s ]
INFO: [ app_init ] --END-- [ RunTime:0.000000s ]
ERR: 无法加载模块:Public

[ 2017-09-21T10:41:10+08:00 ] 127.0.0.1 /Public/vendor/js/angular.min.js.map
INFO: [ app_init ] --START--
INFO: Run Behavior\BuildLiteBehavior [ RunTime:0.000000s ]
INFO: [ app_init ] --END-- [ RunTime:0.001000s ]
ERR: 无法加载模块:Public

[ 2017-09-21T10:41:10+08:00 ] 127.0.0.1 /Public/vendor/dist/bootstrap/css/bootstrap.min.css.map
INFO: [ app_init ] --START--
INFO: Run Behavior\BuildLiteBehavior [ RunTime:0.000000s ]
INFO: [ app_init ] --END-- [ RunTime:0.001000s ]
ERR: 无法加载模块:Public

[ 2017-09-21T10:41:29+08:00 ] 127.0.0.1 /Public/vendor/dist/bootstrap/css/bootstrap.min.css.map
INFO: [ app_init ] --START--
INFO: Run Behavior\BuildLiteBehavior [ RunTime:0.000000s ]
INFO: [ app_init ] --END-- [ RunTime:0.001000s ]
ERR: 无法加载模块:Public

[ 2017-09-21T10:41:29+08:00 ] 127.0.0.1 /Public/vendor/js/angular.min.js.map
INFO: [ app_init ] --START--
INFO: Run Behavior\BuildLiteBehavior [ RunTime:0.000000s ]
INFO: [ app_init ] --END-- [ RunTime:0.000000s ]
ERR: 无法加载模块:Public

[ 2017-09-21T10:41:30+08:00 ] 127.0.0.1 /Public/vendor/dist/bootstrap/css/bootstrap.min.css.map
INFO: [ app_init ] --START--
INFO: Run Behavior\BuildLiteBehavior [ RunTime:0.000000s ]
INFO: [ app_init ] --END-- [ RunTime:0.001000s ]
ERR: 无法加载模块:Public

[ 2017-09-21T10:41:31+08:00 ] 127.0.0.1 /Public/vendor/js/angular.min.js.map
INFO: [ app_init ] --START--
INFO: Run Behavior\BuildLiteBehavior [ RunTime:0.000000s ]
INFO: [ app_init ] --END-- [ RunTime:0.000000s ]
ERR: 无法加载模块:Public

[ 2017-09-21T10:41:36+08:00 ] 127.0.0.1 /Public/vendor/dist/bootstrap/css/bootstrap.min.css.map
INFO: [ app_init ] --START--
INFO: Run Behavior\BuildLiteBehavior [ RunTime:0.000000s ]
INFO: [ app_init ] --END-- [ RunTime:0.000000s ]
ERR: 无法加载模块:Public

[ 2017-09-21T10:42:05+08:00 ] 127.0.0.1 /Public/vendor/dist/bootstrap/css/bootstrap.min.css.map
INFO: [ app_init ] --START--
INFO: Run Behavior\BuildLiteBehavior [ RunTime:0.000000s ]
INFO: [ app_init ] --END-- [ RunTime:0.000000s ]
ERR: 无法加载模块:Public

[ 2017-09-21T10:42:06+08:00 ] 127.0.0.1 /Public/vendor/js/angular.min.js.map
INFO: [ app_init ] --START--
INFO: Run Behavior\BuildLiteBehavior [ RunTime:0.000000s ]
INFO: [ app_init ] --END-- [ RunTime:0.001000s ]
ERR: 无法加载模块:Public

[ 2017-09-21T10:42:07+08:00 ] 127.0.0.1 /Public/vendor/dist/bootstrap/css/bootstrap.min.css.map
INFO: [ app_init ] --START--
INFO: Run Behavior\BuildLiteBehavior [ RunTime:0.000000s ]
INFO: [ app_init ] --END-- [ RunTime:0.000000s ]
ERR: 无法加载模块:Public

[ 2017-09-21T10:42:07+08:00 ] 127.0.0.1 /Public/vendor/js/angular.min.js.map
INFO: [ app_init ] --START--
INFO: Run Behavior\BuildLiteBehavior [ RunTime:0.000000s ]
INFO: [ app_init ] --END-- [ RunTime:0.000000s ]
ERR: 无法加载模块:Public

[ 2017-09-21T10:42:11+08:00 ] 127.0.0.1 /Public/vendor/dist/bootstrap/css/bootstrap.min.css.map
INFO: [ app_init ] --START--
INFO: Run Behavior\BuildLiteBehavior [ RunTime:0.000000s ]
INFO: [ app_init ] --END-- [ RunTime:0.001000s ]
ERR: 无法加载模块:Public

[ 2017-09-21T10:43:23+08:00 ] 127.0.0.1 /Public/vendor/dist/bootstrap/css/bootstrap.min.css.map
INFO: [ app_init ] --START--
INFO: Run Behavior\BuildLiteBehavior [ RunTime:0.000000s ]
INFO: [ app_init ] --END-- [ RunTime:0.000000s ]
ERR: 无法加载模块:Public

[ 2017-09-21T10:43:23+08:00 ] 127.0.0.1 /Public/vendor/js/angular.min.js.map
INFO: [ app_init ] --START--
INFO: Run Behavior\BuildLiteBehavior [ RunTime:0.000000s ]
INFO: [ app_init ] --END-- [ RunTime:0.002000s ]
ERR: 无法加载模块:Public

[ 2017-09-21T10:43:25+08:00 ] 127.0.0.1 /Public/vendor/dist/bootstrap/css/bootstrap.min.css.map
INFO: [ app_init ] --START--
INFO: Run Behavior\BuildLiteBehavior [ RunTime:0.000000s ]
INFO: [ app_init ] --END-- [ RunTime:0.000000s ]
ERR: 无法加载模块:Public

[ 2017-09-21T10:43:25+08:00 ] 127.0.0.1 /Public/vendor/js/angular.min.js.map
INFO: [ app_init ] --START--
INFO: Run Behavior\BuildLiteBehavior [ RunTime:0.000000s ]
INFO: [ app_init ] --END-- [ RunTime:0.000000s ]
ERR: 无法加载模块:Public

[ 2017-09-21T10:43:28+08:00 ] 127.0.0.1 /Public/vendor/dist/bootstrap/css/bootstrap.min.css.map
INFO: [ app_init ] --START--
INFO: Run Behavior\BuildLiteBehavior [ RunTime:0.000000s ]
INFO: [ app_init ] --END-- [ RunTime:0.001000s ]
ERR: 无法加载模块:Public

[ 2017-09-21T10:44:13+08:00 ] 127.0.0.1 /Public/vendor/dist/bootstrap/css/bootstrap.min.css.map
INFO: [ app_init ] --START--
INFO: Run Behavior\BuildLiteBehavior [ RunTime:0.000000s ]
INFO: [ app_init ] --END-- [ RunTime:0.001000s ]
ERR: 无法加载模块:Public

[ 2017-09-21T10:44:13+08:00 ] 127.0.0.1 /Public/vendor/js/angular.min.js.map
INFO: [ app_init ] --START--
INFO: Run Behavior\BuildLiteBehavior [ RunTime:0.000000s ]
INFO: [ app_init ] --END-- [ RunTime:0.000000s ]
ERR: 无法加载模块:Public

[ 2017-09-21T10:44:15+08:00 ] 127.0.0.1 /Public/vendor/dist/bootstrap/css/bootstrap.min.css.map
INFO: [ app_init ] --START--
INFO: Run Behavior\BuildLiteBehavior [ RunTime:0.000000s ]
INFO: [ app_init ] --END-- [ RunTime:0.001000s ]
ERR: 无法加载模块:Public

[ 2017-09-21T10:44:15+08:00 ] 127.0.0.1 /Public/vendor/js/angular.min.js.map
INFO: [ app_init ] --START--
INFO: Run Behavior\BuildLiteBehavior [ RunTime:0.000000s ]
INFO: [ app_init ] --END-- [ RunTime:0.001000s ]
ERR: 无法加载模块:Public

[ 2017-09-21T10:44:17+08:00 ] 127.0.0.1 /Public/vendor/dist/bootstrap/css/bootstrap.min.css.map
INFO: [ app_init ] --START--
INFO: Run Behavior\BuildLiteBehavior [ RunTime:0.000000s ]
INFO: [ app_init ] --END-- [ RunTime:0.001000s ]
ERR: 无法加载模块:Public

[ 2017-09-21T10:44:18+08:00 ] 127.0.0.1 /Public/vendor/dist/bootstrap/css/bootstrap.min.css.map
INFO: [ app_init ] --START--
INFO: Run Behavior\BuildLiteBehavior [ RunTime:0.000000s ]
INFO: [ app_init ] --END-- [ RunTime:0.001000s ]
ERR: 无法加载模块:Public

[ 2017-09-21T10:44:18+08:00 ] 127.0.0.1 /Public/vendor/js/angular.min.js.map
INFO: [ app_init ] --START--
INFO: Run Behavior\BuildLiteBehavior [ RunTime:0.000000s ]
INFO: [ app_init ] --END-- [ RunTime:0.000000s ]
ERR: 无法加载模块:Public

[ 2017-09-21T10:44:22+08:00 ] 127.0.0.1 /Public/vendor/dist/bootstrap/css/bootstrap.min.css.map
INFO: [ app_init ] --START--
INFO: Run Behavior\BuildLiteBehavior [ RunTime:0.000000s ]
INFO: [ app_init ] --END-- [ RunTime:0.001000s ]
ERR: 无法加载模块:Public

[ 2017-09-21T10:44:24+08:00 ] 127.0.0.1 /Public/vendor/dist/bootstrap/css/bootstrap.min.css.map
INFO: [ app_init ] --START--
INFO: Run Behavior\BuildLiteBehavior [ RunTime:0.000000s ]
INFO: [ app_init ] --END-- [ RunTime:0.000000s ]
ERR: 无法加载模块:Public

[ 2017-09-21T10:44:24+08:00 ] 127.0.0.1 /Public/vendor/js/angular.min.js.map
INFO: [ app_init ] --START--
INFO: Run Behavior\BuildLiteBehavior [ RunTime:0.000000s ]
INFO: [ app_init ] --END-- [ RunTime:0.000000s ]
ERR: 无法加载模块:Public

[ 2017-09-21T10:45:29+08:00 ] 127.0.0.1 /Public/vendor/js/angular.min.js.map
INFO: [ app_init ] --START--
INFO: Run Behavior\BuildLiteBehavior [ RunTime:0.000000s ]
INFO: [ app_init ] --END-- [ RunTime:0.001000s ]
ERR: 无法加载模块:Public

[ 2017-09-21T10:45:29+08:00 ] 127.0.0.1 /Public/vendor/dist/bootstrap/css/bootstrap.min.css.map
INFO: [ app_init ] --START--
INFO: Run Behavior\BuildLiteBehavior [ RunTime:0.000000s ]
INFO: [ app_init ] --END-- [ RunTime:0.001000s ]
ERR: 无法加载模块:Public

[ 2017-09-21T10:45:32+08:00 ] 127.0.0.1 /Public/vendor/dist/bootstrap/css/bootstrap.min.css.map
INFO: [ app_init ] --START--
INFO: Run Behavior\BuildLiteBehavior [ RunTime:0.000000s ]
INFO: [ app_init ] --END-- [ RunTime:0.000000s ]
ERR: 无法加载模块:Public

[ 2017-09-21T10:45:35+08:00 ] 127.0.0.1 /Public/vendor/dist/bootstrap/css/bootstrap.min.css.map
INFO: [ app_init ] --START--
INFO: Run Behavior\BuildLiteBehavior [ RunTime:0.000000s ]
INFO: [ app_init ] --END-- [ RunTime:0.000000s ]
ERR: 无法加载模块:Public

[ 2017-09-21T10:45:35+08:00 ] 127.0.0.1 /Public/vendor/js/angular.min.js.map
INFO: [ app_init ] --START--
INFO: Run Behavior\BuildLiteBehavior [ RunTime:0.000000s ]
INFO: [ app_init ] --END-- [ RunTime:0.001000s ]
ERR: 无法加载模块:Public

[ 2017-09-21T10:46:03+08:00 ] 127.0.0.1 /Public/vendor/dist/bootstrap/css/bootstrap.min.css.map
INFO: [ app_init ] --START--
INFO: Run Behavior\BuildLiteBehavior [ RunTime:0.000000s ]
INFO: [ app_init ] --END-- [ RunTime:0.000000s ]
ERR: 无法加载模块:Public

[ 2017-09-21T10:46:03+08:00 ] 127.0.0.1 /Public/vendor/js/angular.min.js.map
INFO: [ app_init ] --START--
INFO: Run Behavior\BuildLiteBehavior [ RunTime:0.000000s ]
INFO: [ app_init ] --END-- [ RunTime:0.001000s ]
ERR: 无法加载模块:Public

[ 2017-09-21T10:46:23+08:00 ] 127.0.0.1 /Public/vendor/dist/bootstrap/css/bootstrap.min.css.map
INFO: [ app_init ] --START--
INFO: Run Behavior\BuildLiteBehavior [ RunTime:0.000000s ]
INFO: [ app_init ] --END-- [ RunTime:0.000000s ]
ERR: 无法加载模块:Public

[ 2017-09-21T10:46:26+08:00 ] 127.0.0.1 /Public/vendor/dist/bootstrap/css/bootstrap.min.css.map
INFO: [ app_init ] --START--
INFO: Run Behavior\BuildLiteBehavior [ RunTime:0.000000s ]
INFO: [ app_init ] --END-- [ RunTime:0.000000s ]
ERR: 无法加载模块:Public

[ 2017-09-21T10:46:26+08:00 ] 127.0.0.1 /Public/vendor/js/angular.min.js.map
INFO: [ app_init ] --START--
INFO: Run Behavior\BuildLiteBehavior [ RunTime:0.000000s ]
INFO: [ app_init ] --END-- [ RunTime:0.000000s ]
ERR: 无法加载模块:Public

[ 2017-09-21T10:46:32+08:00 ] 127.0.0.1 /Public/vendor/dist/bootstrap/css/bootstrap.min.css.map
INFO: [ app_init ] --START--
INFO: Run Behavior\BuildLiteBehavior [ RunTime:0.000000s ]
INFO: [ app_init ] --END-- [ RunTime:0.001000s ]
ERR: 无法加载模块:Public

[ 2017-09-21T10:46:35+08:00 ] 127.0.0.1 /Public/vendor/dist/bootstrap/css/bootstrap.min.css.map
INFO: [ app_init ] --START--
INFO: Run Behavior\BuildLiteBehavior [ RunTime:0.000000s ]
INFO: [ app_init ] --END-- [ RunTime:0.000000s ]
ERR: 无法加载模块:Public

[ 2017-09-21T10:46:36+08:00 ] 127.0.0.1 /Public/vendor/js/angular.min.js.map
INFO: [ app_init ] --START--
INFO: Run Behavior\BuildLiteBehavior [ RunTime:0.000000s ]
INFO: [ app_init ] --END-- [ RunTime:0.001000s ]
ERR: 无法加载模块:Public

[ 2017-09-21T10:50:17+08:00 ] 127.0.0.1 /Public/vendor/dist/bootstrap/css/bootstrap.min.css.map
INFO: [ app_init ] --START--
INFO: Run Behavior\BuildLiteBehavior [ RunTime:0.000000s ]
INFO: [ app_init ] --END-- [ RunTime:0.000000s ]
ERR: 无法加载模块:Public

[ 2017-09-21T10:55:18+08:00 ] 127.0.0.1 /node_modules/hdjs/require.js
INFO: [ app_init ] --START--
INFO: Run Behavior\BuildLiteBehavior [ RunTime:0.000000s ]
INFO: [ app_init ] --END-- [ RunTime:0.000000s ]
ERR: 无法加载模块:Node_modules

[ 2017-09-21T10:55:18+08:00 ] 127.0.0.1 /node_modules/hdjs/config.js
INFO: [ app_init ] --START--
INFO: Run Behavior\BuildLiteBehavior [ RunTime:0.000000s ]
INFO: [ app_init ] --END-- [ RunTime:0.001000s ]
ERR: 无法加载模块:Node_modules

[ 2017-09-21T10:55:23+08:00 ] 127.0.0.1 /node_modules/hdjs/config.js
INFO: [ app_init ] --START--
INFO: Run Behavior\BuildLiteBehavior [ RunTime:0.000000s ]
INFO: [ app_init ] --END-- [ RunTime:0.001001s ]
ERR: 无法加载模块:Node_modules

[ 2017-09-21T10:55:23+08:00 ] 127.0.0.1 /node_modules/hdjs/require.js
INFO: [ app_init ] --START--
INFO: Run Behavior\BuildLiteBehavior [ RunTime:0.000000s ]
INFO: [ app_init ] --END-- [ RunTime:0.000000s ]
ERR: 无法加载模块:Node_modules

[ 2017-09-21T10:55:23+08:00 ] 127.0.0.1 /node_modules/hdjs/config.js
INFO: [ app_init ] --START--
INFO: Run Behavior\BuildLiteBehavior [ RunTime:0.000000s ]
INFO: [ app_init ] --END-- [ RunTime:0.001000s ]
ERR: 无法加载模块:Node_modules

[ 2017-09-21T10:55:28+08:00 ] 127.0.0.1 /node_modules/hdjs/require.js
INFO: [ app_init ] --START--
INFO: Run Behavior\BuildLiteBehavior [ RunTime:0.000000s ]
INFO: [ app_init ] --END-- [ RunTime:0.001000s ]
ERR: 无法加载模块:Node_modules

[ 2017-09-21T10:55:28+08:00 ] 127.0.0.1 /node_modules/hdjs/config.js
INFO: [ app_init ] --START--
INFO: Run Behavior\BuildLiteBehavior [ RunTime:0.000000s ]
INFO: [ app_init ] --END-- [ RunTime:0.000000s ]
ERR: 无法加载模块:Node_modules

[ 2017-09-21T10:56:38+08:00 ] 127.0.0.1 /node_modules/hdjs/config.js
INFO: [ app_init ] --START--
INFO: Run Behavior\BuildLiteBehavior [ RunTime:0.000000s ]
INFO: [ app_init ] --END-- [ RunTime:0.001000s ]
ERR: 无法加载模块:Node_modules

[ 2017-09-21T10:56:38+08:00 ] 127.0.0.1 /node_modules/hdjs/require.js
INFO: [ app_init ] --START--
INFO: Run Behavior\BuildLiteBehavior [ RunTime:0.000000s ]
INFO: [ app_init ] --END-- [ RunTime:0.001000s ]
ERR: 无法加载模块:Node_modules

[ 2017-09-21T10:56:38+08:00 ] 127.0.0.1 /node_modules/hdjs/require.js
INFO: [ app_init ] --START--
INFO: Run Behavior\BuildLiteBehavior [ RunTime:0.000000s ]
INFO: [ app_init ] --END-- [ RunTime:0.001000s ]
ERR: 无法加载模块:Node_modules

[ 2017-09-21T10:56:38+08:00 ] 127.0.0.1 /node_modules/hdjs/config.js
INFO: [ app_init ] --START--
INFO: Run Behavior\BuildLiteBehavior [ RunTime:0.000000s ]
INFO: [ app_init ] --END-- [ RunTime:0.001001s ]
ERR: 无法加载模块:Node_modules

[ 2017-09-21T10:57:03+08:00 ] 127.0.0.1 /node_modules/hdjs/require.js
INFO: [ app_init ] --START--
INFO: Run Behavior\BuildLiteBehavior [ RunTime:0.000000s ]
INFO: [ app_init ] --END-- [ RunTime:0.001000s ]
ERR: 无法加载模块:Node_modules

[ 2017-09-21T10:57:03+08:00 ] 127.0.0.1 /node_modules/hdjs/config.js
INFO: [ app_init ] --START--
INFO: Run Behavior\BuildLiteBehavior [ RunTime:0.000000s ]
INFO: [ app_init ] --END-- [ RunTime:0.000000s ]
ERR: 无法加载模块:Node_modules

[ 2017-09-21T10:57:03+08:00 ] 127.0.0.1 /node_modules/hdjs/require.js
INFO: [ app_init ] --START--
INFO: Run Behavior\BuildLiteBehavior [ RunTime:0.000000s ]
INFO: [ app_init ] --END-- [ RunTime:0.000000s ]
ERR: 无法加载模块:Node_modules

[ 2017-09-21T10:57:03+08:00 ] 127.0.0.1 /node_modules/hdjs/config.js
INFO: [ app_init ] --START--
INFO: Run Behavior\BuildLiteBehavior [ RunTime:0.000000s ]
INFO: [ app_init ] --END-- [ RunTime:0.000000s ]
ERR: 无法加载模块:Node_modules

[ 2017-09-21T10:57:06+08:00 ] 127.0.0.1 /Public/vendor/js/angular.min.js.map
INFO: [ app_init ] --START--
INFO: Run Behavior\BuildLiteBehavior [ RunTime:0.000000s ]
INFO: [ app_init ] --END-- [ RunTime:0.000000s ]
ERR: 无法加载模块:Public

[ 2017-09-21T10:57:06+08:00 ] 127.0.0.1 /Public/vendor/dist/bootstrap/css/bootstrap.min.css.map
INFO: [ app_init ] --START--
INFO: Run Behavior\BuildLiteBehavior [ RunTime:0.000000s ]
INFO: [ app_init ] --END-- [ RunTime:0.001000s ]
ERR: 无法加载模块:Public

[ 2017-09-21T10:57:15+08:00 ] 127.0.0.1 /node_modules/hdjs/require.js
INFO: [ app_init ] --START--
INFO: Run Behavior\BuildLiteBehavior [ RunTime:0.000000s ]
INFO: [ app_init ] --END-- [ RunTime:0.000000s ]
ERR: 无法加载模块:Node_modules

[ 2017-09-21T10:57:15+08:00 ] 127.0.0.1 /node_modules/hdjs/config.js
INFO: [ app_init ] --START--
INFO: Run Behavior\BuildLiteBehavior [ RunTime:0.000000s ]
INFO: [ app_init ] --END-- [ RunTime:0.001000s ]
ERR: 无法加载模块:Node_modules

[ 2017-09-21T10:57:15+08:00 ] 127.0.0.1 /node_modules/hdjs/require.js
INFO: [ app_init ] --START--
INFO: Run Behavior\BuildLiteBehavior [ RunTime:0.000000s ]
INFO: [ app_init ] --END-- [ RunTime:0.001000s ]
ERR: 无法加载模块:Node_modules

[ 2017-09-21T10:57:15+08:00 ] 127.0.0.1 /node_modules/hdjs/config.js
INFO: [ app_init ] --START--
INFO: Run Behavior\BuildLiteBehavior [ RunTime:0.000000s ]
INFO: [ app_init ] --END-- [ RunTime:0.001000s ]
ERR: 无法加载模块:Node_modules

[ 2017-09-21T10:57:15+08:00 ] 127.0.0.1 /Public/css/bootstrap.css.map
INFO: [ app_init ] --START--
INFO: Run Behavior\BuildLiteBehavior [ RunTime:0.000000s ]
INFO: [ app_init ] --END-- [ RunTime:0.001000s ]
ERR: 无法加载模块:Public

[ 2017-09-21T10:57:22+08:00 ] 127.0.0.1 /node_modules/hdjs/require.js
INFO: [ app_init ] --START--
INFO: Run Behavior\BuildLiteBehavior [ RunTime:0.000000s ]
INFO: [ app_init ] --END-- [ RunTime:0.001000s ]
ERR: 无法加载模块:Node_modules

[ 2017-09-21T10:57:22+08:00 ] 127.0.0.1 /node_modules/hdjs/config.js
INFO: [ app_init ] --START--
INFO: Run Behavior\BuildLiteBehavior [ RunTime:0.000000s ]
INFO: [ app_init ] --END-- [ RunTime:0.000000s ]
ERR: 无法加载模块:Node_modules

[ 2017-09-21T10:57:22+08:00 ] 127.0.0.1 /node_modules/hdjs/require.js
INFO: [ app_init ] --START--
INFO: Run Behavior\BuildLiteBehavior [ RunTime:0.000000s ]
INFO: [ app_init ] --END-- [ RunTime:0.000000s ]
ERR: 无法加载模块:Node_modules

[ 2017-09-21T10:57:22+08:00 ] 127.0.0.1 /node_modules/hdjs/config.js
INFO: [ app_init ] --START--
INFO: Run Behavior\BuildLiteBehavior [ RunTime:0.000000s ]
INFO: [ app_init ] --END-- [ RunTime:0.000000s ]
ERR: 无法加载模块:Node_modules

[ 2017-09-21T10:57:25+08:00 ] 127.0.0.1 /Public/vendor/js/angular.min.js.map
INFO: [ app_init ] --START--
INFO: Run Behavior\BuildLiteBehavior [ RunTime:0.000000s ]
INFO: [ app_init ] --END-- [ RunTime:0.000000s ]
ERR: 无法加载模块:Public

[ 2017-09-21T10:57:25+08:00 ] 127.0.0.1 /Public/vendor/dist/bootstrap/css/bootstrap.min.css.map
INFO: [ app_init ] --START--
INFO: Run Behavior\BuildLiteBehavior [ RunTime:0.000000s ]
INFO: [ app_init ] --END-- [ RunTime:0.000000s ]
ERR: 无法加载模块:Public

[ 2017-09-21T10:57:34+08:00 ] 127.0.0.1 /node_modules/hdjs/require.js
INFO: [ app_init ] --START--
INFO: Run Behavior\BuildLiteBehavior [ RunTime:0.000000s ]
INFO: [ app_init ] --END-- [ RunTime:0.000000s ]
ERR: 无法加载模块:Node_modules

[ 2017-09-21T10:57:34+08:00 ] 127.0.0.1 /node_modules/hdjs/config.js
INFO: [ app_init ] --START--
INFO: Run Behavior\BuildLiteBehavior [ RunTime:0.000000s ]
INFO: [ app_init ] --END-- [ RunTime:0.000000s ]
ERR: 无法加载模块:Node_modules

[ 2017-09-21T10:57:34+08:00 ] 127.0.0.1 /node_modules/hdjs/require.js
INFO: [ app_init ] --START--
INFO: Run Behavior\BuildLiteBehavior [ RunTime:0.000000s ]
INFO: [ app_init ] --END-- [ RunTime:0.001000s ]
ERR: 无法加载模块:Node_modules

[ 2017-09-21T10:57:34+08:00 ] 127.0.0.1 /node_modules/hdjs/config.js
INFO: [ app_init ] --START--
INFO: Run Behavior\BuildLiteBehavior [ RunTime:0.000000s ]
INFO: [ app_init ] --END-- [ RunTime:0.001000s ]
ERR: 无法加载模块:Node_modules

[ 2017-09-21T10:57:34+08:00 ] 127.0.0.1 /Public/css/bootstrap.css.map
INFO: [ app_init ] --START--
INFO: Run Behavior\BuildLiteBehavior [ RunTime:0.000000s ]
INFO: [ app_init ] --END-- [ RunTime:0.001000s ]
ERR: 无法加载模块:Public

[ 2017-09-21T10:57:49+08:00 ] 127.0.0.1 /node_modules/hdjs/require.js
INFO: [ app_init ] --START--
INFO: Run Behavior\BuildLiteBehavior [ RunTime:0.000000s ]
INFO: [ app_init ] --END-- [ RunTime:0.001000s ]
ERR: 无法加载模块:Node_modules

[ 2017-09-21T10:57:49+08:00 ] 127.0.0.1 /node_modules/hdjs/config.js
INFO: [ app_init ] --START--
INFO: Run Behavior\BuildLiteBehavior [ RunTime:0.000000s ]
INFO: [ app_init ] --END-- [ RunTime:0.000000s ]
ERR: 无法加载模块:Node_modules

[ 2017-09-21T10:57:49+08:00 ] 127.0.0.1 /node_modules/hdjs/require.js
INFO: [ app_init ] --START--
INFO: Run Behavior\BuildLiteBehavior [ RunTime:0.000000s ]
INFO: [ app_init ] --END-- [ RunTime:0.001000s ]
ERR: 无法加载模块:Node_modules

[ 2017-09-21T10:57:49+08:00 ] 127.0.0.1 /node_modules/hdjs/config.js
INFO: [ app_init ] --START--
INFO: Run Behavior\BuildLiteBehavior [ RunTime:0.000000s ]
INFO: [ app_init ] --END-- [ RunTime:0.001000s ]
ERR: 无法加载模块:Node_modules

[ 2017-09-21T10:57:49+08:00 ] 127.0.0.1 /Public/css/bootstrap.css.map
INFO: [ app_init ] --START--
INFO: Run Behavior\BuildLiteBehavior [ RunTime:0.000000s ]
INFO: [ app_init ] --END-- [ RunTime:0.001000s ]
ERR: 无法加载模块:Public

[ 2017-09-21T10:58:28+08:00 ] 127.0.0.1 /Public/css/bootstrap.css.map
INFO: [ app_init ] --START--
INFO: Run Behavior\BuildLiteBehavior [ RunTime:0.000000s ]
INFO: [ app_init ] --END-- [ RunTime:0.000000s ]
ERR: 无法加载模块:Public

[ 2017-09-21T10:58:33+08:00 ] 127.0.0.1 /Public/css/bootstrap.css.map
INFO: [ app_init ] --START--
INFO: Run Behavior\BuildLiteBehavior [ RunTime:0.000000s ]
INFO: [ app_init ] --END-- [ RunTime:0.000000s ]
ERR: 无法加载模块:Public

[ 2017-09-21T10:58:34+08:00 ] 127.0.0.1 /Public/vendor/js/angular.min.js.map
INFO: [ app_init ] --START--
INFO: Run Behavior\BuildLiteBehavior [ RunTime:0.000000s ]
INFO: [ app_init ] --END-- [ RunTime:0.000000s ]
ERR: 无法加载模块:Public

[ 2017-09-21T10:58:34+08:00 ] 127.0.0.1 /Public/vendor/dist/bootstrap/css/bootstrap.min.css.map
INFO: [ app_init ] --START--
INFO: Run Behavior\BuildLiteBehavior [ RunTime:0.000000s ]
INFO: [ app_init ] --END-- [ RunTime:0.000000s ]
ERR: 无法加载模块:Public

[ 2017-09-21T10:58:58+08:00 ] 127.0.0.1 /Public/css/bootstrap.css.map
INFO: [ app_init ] --START--
INFO: Run Behavior\BuildLiteBehavior [ RunTime:0.000000s ]
INFO: [ app_init ] --END-- [ RunTime:0.001000s ]
ERR: 无法加载模块:Public

[ 2017-09-21T10:58:59+08:00 ] 127.0.0.1 /Public/css/bootstrap.css.map
INFO: [ app_init ] --START--
INFO: Run Behavior\BuildLiteBehavior [ RunTime:0.000000s ]
INFO: [ app_init ] --END-- [ RunTime:0.001000s ]
ERR: 无法加载模块:Public

[ 2017-09-21T10:59:00+08:00 ] 127.0.0.1 /Public/vendor/js/angular.min.js.map
INFO: [ app_init ] --START--
INFO: Run Behavior\BuildLiteBehavior [ RunTime:0.000000s ]
INFO: [ app_init ] --END-- [ RunTime:0.001000s ]
ERR: 无法加载模块:Public

[ 2017-09-21T10:59:00+08:00 ] 127.0.0.1 /Public/vendor/dist/bootstrap/css/bootstrap.min.css.map
INFO: [ app_init ] --START--
INFO: Run Behavior\BuildLiteBehavior [ RunTime:0.000000s ]
INFO: [ app_init ] --END-- [ RunTime:0.000000s ]
ERR: 无法加载模块:Public

[ 2017-09-21T10:59:47+08:00 ] 127.0.0.1 /Public/css/bootstrap.css.map
INFO: [ app_init ] --START--
INFO: Run Behavior\BuildLiteBehavior [ RunTime:0.000000s ]
INFO: [ app_init ] --END-- [ RunTime:0.001000s ]
ERR: 无法加载模块:Public

[ 2017-09-21T10:59:47+08:00 ] 127.0.0.1 /Public/css/bootstrap.css.map
INFO: [ app_init ] --START--
INFO: Run Behavior\BuildLiteBehavior [ RunTime:0.000000s ]
INFO: [ app_init ] --END-- [ RunTime:0.001000s ]
ERR: 无法加载模块:Public

[ 2017-09-21T10:59:48+08:00 ] 127.0.0.1 /Public/vendor/js/angular.min.js.map
INFO: [ app_init ] --START--
INFO: Run Behavior\BuildLiteBehavior [ RunTime:0.000000s ]
INFO: [ app_init ] --END-- [ RunTime:0.001000s ]
ERR: 无法加载模块:Public

[ 2017-09-21T10:59:49+08:00 ] 127.0.0.1 /Public/vendor/dist/bootstrap/css/bootstrap.min.css.map
INFO: [ app_init ] --START--
INFO: Run Behavior\BuildLiteBehavior [ RunTime:0.000000s ]
INFO: [ app_init ] --END-- [ RunTime:0.001000s ]
ERR: 无法加载模块:Public

[ 2017-09-21T11:01:29+08:00 ] 127.0.0.1 /Public/css/bootstrap.css.map
INFO: [ app_init ] --START--
INFO: Run Behavior\BuildLiteBehavior [ RunTime:0.000000s ]
INFO: [ app_init ] --END-- [ RunTime:0.001000s ]
ERR: 无法加载模块:Public

[ 2017-09-21T11:01:32+08:00 ] 127.0.0.1 /Public/vendor/js/angular.min.js.map
INFO: [ app_init ] --START--
INFO: Run Behavior\BuildLiteBehavior [ RunTime:0.000000s ]
INFO: [ app_init ] --END-- [ RunTime:0.000000s ]
ERR: 无法加载模块:Public

[ 2017-09-21T11:01:33+08:00 ] 127.0.0.1 /Public/vendor/dist/bootstrap/css/bootstrap.min.css.map
INFO: [ app_init ] --START--
INFO: Run Behavior\BuildLiteBehavior [ RunTime:0.000000s ]
INFO: [ app_init ] --END-- [ RunTime:0.001000s ]
ERR: 无法加载模块:Public

[ 2017-09-21T11:03:13+08:00 ] 127.0.0.1 /Public/css/bootstrap.css.map
INFO: [ app_init ] --START--
INFO: Run Behavior\BuildLiteBehavior [ RunTime:0.000000s ]
INFO: [ app_init ] --END-- [ RunTime:0.001000s ]
ERR: 无法加载模块:Public

[ 2017-09-21T11:03:41+08:00 ] 127.0.0.1 /Public/vendor/js/angular.min.js.map
INFO: [ app_init ] --START--
INFO: Run Behavior\BuildLiteBehavior [ RunTime:0.000000s ]
INFO: [ app_init ] --END-- [ RunTime:0.000000s ]
ERR: 无法加载模块:Public

[ 2017-09-21T11:03:41+08:00 ] 127.0.0.1 /Public/vendor/dist/bootstrap/css/bootstrap.min.css.map
INFO: [ app_init ] --START--
INFO: Run Behavior\BuildLiteBehavior [ RunTime:0.000000s ]
INFO: [ app_init ] --END-- [ RunTime:0.000000s ]
ERR: 无法加载模块:Public

[ 2017-09-21T11:03:47+08:00 ] 127.0.0.1 /Public/css/bootstrap.css.map
INFO: [ app_init ] --START--
INFO: Run Behavior\BuildLiteBehavior [ RunTime:0.000000s ]
INFO: [ app_init ] --END-- [ RunTime:0.001000s ]
ERR: 无法加载模块:Public

[ 2017-09-21T11:03:50+08:00 ] 127.0.0.1 /Public/vendor/js/angular.min.js.map
INFO: [ app_init ] --START--
INFO: Run Behavior\BuildLiteBehavior [ RunTime:0.000000s ]
INFO: [ app_init ] --END-- [ RunTime:0.000000s ]
ERR: 无法加载模块:Public

[ 2017-09-21T11:03:51+08:00 ] 127.0.0.1 /Public/vendor/dist/bootstrap/css/bootstrap.min.css.map
INFO: [ app_init ] --START--
INFO: Run Behavior\BuildLiteBehavior [ RunTime:0.000000s ]
INFO: [ app_init ] --END-- [ RunTime:0.000000s ]
ERR: 无法加载模块:Public

[ 2017-09-21T11:03:54+08:00 ] 127.0.0.1 /Public/css/bootstrap.css.map
INFO: [ app_init ] --START--
INFO: Run Behavior\BuildLiteBehavior [ RunTime:0.000000s ]
INFO: [ app_init ] --END-- [ RunTime:0.001000s ]
ERR: 无法加载模块:Public

[ 2017-09-21T11:03:55+08:00 ] 127.0.0.1 /Public/vendor/dist/bootstrap/css/bootstrap.min.css.map
INFO: [ app_init ] --START--
INFO: Run Behavior\BuildLiteBehavior [ RunTime:0.000000s ]
INFO: [ app_init ] --END-- [ RunTime:0.001000s ]
ERR: 无法加载模块:Public

[ 2017-09-21T11:03:55+08:00 ] 127.0.0.1 /Public/vendor/dist/bootstrap/css/bootstrap.min.css.map
INFO: [ app_init ] --START--
INFO: Run Behavior\BuildLiteBehavior [ RunTime:0.000000s ]
INFO: [ app_init ] --END-- [ RunTime:0.001001s ]
ERR: 无法加载模块:Public

[ 2017-09-21T11:04:38+08:00 ] 127.0.0.1 /Public/css/bootstrap.css.map
INFO: [ app_init ] --START--
INFO: Run Behavior\BuildLiteBehavior [ RunTime:0.000000s ]
INFO: [ app_init ] --END-- [ RunTime:0.003000s ]
ERR: 无法加载模块:Public

[ 2017-09-21T11:04:38+08:00 ] 127.0.0.1 /Public/vendor/dist/bootstrap/css/bootstrap.min.css.map
INFO: [ app_init ] --START--
INFO: Run Behavior\BuildLiteBehavior [ RunTime:0.000000s ]
INFO: [ app_init ] --END-- [ RunTime:0.000000s ]
ERR: 无法加载模块:Public

[ 2017-09-21T11:04:38+08:00 ] 127.0.0.1 /Public/vendor/js/angular.min.js.map
INFO: [ app_init ] --START--
INFO: Run Behavior\BuildLiteBehavior [ RunTime:0.000000s ]
INFO: [ app_init ] --END-- [ RunTime:0.000000s ]
ERR: 无法加载模块:Public

[ 2017-09-21T11:04:38+08:00 ] 127.0.0.1 /Public/vendor/js/angular.min.js.map
INFO: [ app_init ] --START--
INFO: Run Behavior\BuildLiteBehavior [ RunTime:0.000000s ]
INFO: [ app_init ] --END-- [ RunTime:0.001000s ]
ERR: 无法加载模块:Public

[ 2017-09-21T11:04:38+08:00 ] 127.0.0.1 /Public/vendor/dist/bootstrap/css/bootstrap.min.css.map
INFO: [ app_init ] --START--
INFO: Run Behavior\BuildLiteBehavior [ RunTime:0.000000s ]
INFO: [ app_init ] --END-- [ RunTime:0.001000s ]
ERR: 无法加载模块:Public

[ 2017-09-21T11:04:40+08:00 ] 127.0.0.1 /Public/css/bootstrap.css.map
INFO: [ app_init ] --START--
INFO: Run Behavior\BuildLiteBehavior [ RunTime:0.000000s ]
INFO: [ app_init ] --END-- [ RunTime:0.000000s ]
ERR: 无法加载模块:Public

[ 2017-09-21T11:04:42+08:00 ] 127.0.0.1 /Public/vendor/dist/bootstrap/css/bootstrap.min.css.map
INFO: [ app_init ] --START--
INFO: Run Behavior\BuildLiteBehavior [ RunTime:0.000000s ]
INFO: [ app_init ] --END-- [ RunTime:0.000000s ]
ERR: 无法加载模块:Public

[ 2017-09-21T11:04:43+08:00 ] 127.0.0.1 /Public/vendor/js/angular.min.js.map
INFO: [ app_init ] --START--
INFO: Run Behavior\BuildLiteBehavior [ RunTime:0.000000s ]
INFO: [ app_init ] --END-- [ RunTime:0.000000s ]
ERR: 无法加载模块:Public

[ 2017-09-21T11:43:57+08:00 ] 127.0.0.1 /Public/vendor/js/angular.min.js.map
INFO: [ app_init ] --START--
INFO: Run Behavior\BuildLiteBehavior [ RunTime:0.000000s ]
INFO: [ app_init ] --END-- [ RunTime:0.000000s ]
ERR: 无法加载模块:Public

[ 2017-09-21T11:43:57+08:00 ] 127.0.0.1 /Public/vendor/dist/bootstrap/css/bootstrap.min.css.map
INFO: [ app_init ] --START--
INFO: Run Behavior\BuildLiteBehavior [ RunTime:0.000000s ]
INFO: [ app_init ] --END-- [ RunTime:0.001000s ]
ERR: 无法加载模块:Public

[ 2017-09-21T11:44:26+08:00 ] 127.0.0.1 /Public/vendor/dist/bootstrap/css/bootstrap.min.css.map
INFO: [ app_init ] --START--
INFO: Run Behavior\BuildLiteBehavior [ RunTime:0.000000s ]
INFO: [ app_init ] --END-- [ RunTime:0.001000s ]
ERR: 无法加载模块:Public

[ 2017-09-21T11:44:26+08:00 ] 127.0.0.1 /Public/vendor/js/angular.min.js.map
INFO: [ app_init ] --START--
INFO: Run Behavior\BuildLiteBehavior [ RunTime:0.000000s ]
INFO: [ app_init ] --END-- [ RunTime:0.000000s ]
ERR: 无法加载模块:Public

[ 2017-09-21T11:44:51+08:00 ] 127.0.0.1 /Public/vendor/dist/bootstrap/css/bootstrap.min.css.map
INFO: [ app_init ] --START--
INFO: Run Behavior\BuildLiteBehavior [ RunTime:0.000000s ]
INFO: [ app_init ] --END-- [ RunTime:0.000000s ]
ERR: 无法加载模块:Public

[ 2017-09-21T11:44:51+08:00 ] 127.0.0.1 /Public/vendor/js/angular.min.js.map
INFO: [ app_init ] --START--
INFO: Run Behavior\BuildLiteBehavior [ RunTime:0.000000s ]
INFO: [ app_init ] --END-- [ RunTime:0.001000s ]
ERR: 无法加载模块:Public

[ 2017-09-21T11:45:32+08:00 ] 127.0.0.1 /Public/vendor/dist/bootstrap/css/bootstrap.min.css.map
INFO: [ app_init ] --START--
INFO: Run Behavior\BuildLiteBehavior [ RunTime:0.000000s ]
INFO: [ app_init ] --END-- [ RunTime:0.001000s ]
ERR: 无法加载模块:Public

[ 2017-09-21T11:45:32+08:00 ] 127.0.0.1 /Public/vendor/js/angular.min.js.map
INFO: [ app_init ] --START--
INFO: Run Behavior\BuildLiteBehavior [ RunTime:0.000000s ]
INFO: [ app_init ] --END-- [ RunTime:0.000000s ]
ERR: 无法加载模块:Public

[ 2017-09-21T11:51:41+08:00 ] 127.0.0.1 /Public/vendor/js/angular.min.js.map
INFO: [ app_init ] --START--
INFO: Run Behavior\BuildLiteBehavior [ RunTime:0.000000s ]
INFO: [ app_init ] --END-- [ RunTime:0.000000s ]
ERR: 无法加载模块:Public

[ 2017-09-21T11:51:41+08:00 ] 127.0.0.1 /Public/vendor/dist/bootstrap/css/bootstrap.min.css.map
INFO: [ app_init ] --START--
INFO: Run Behavior\BuildLiteBehavior [ RunTime:0.000000s ]
INFO: [ app_init ] --END-- [ RunTime:0.000000s ]
ERR: 无法加载模块:Public

[ 2017-09-21T11:51:42+08:00 ] 127.0.0.1 /Public/vendor/dist/bootstrap/css/bootstrap.min.css.map
INFO: [ app_init ] --START--
INFO: Run Behavior\BuildLiteBehavior [ RunTime:0.000000s ]
INFO: [ app_init ] --END-- [ RunTime:0.001000s ]
ERR: 无法加载模块:Public

[ 2017-09-21T11:51:42+08:00 ] 127.0.0.1 /Public/vendor/js/angular.min.js.map
INFO: [ app_init ] --START--
INFO: Run Behavior\BuildLiteBehavior [ RunTime:0.000000s ]
INFO: [ app_init ] --END-- [ RunTime:0.000000s ]
ERR: 无法加载模块:Public

[ 2017-09-21T11:53:36+08:00 ] 127.0.0.1 /Public/vendor/dist/bootstrap/css/bootstrap.min.css.map
INFO: [ app_init ] --START--
INFO: Run Behavior\BuildLiteBehavior [ RunTime:0.000000s ]
INFO: [ app_init ] --END-- [ RunTime:0.000000s ]
ERR: 无法加载模块:Public

[ 2017-09-21T11:53:36+08:00 ] 127.0.0.1 /Public/vendor/js/angular.min.js.map
INFO: [ app_init ] --START--
INFO: Run Behavior\BuildLiteBehavior [ RunTime:0.000000s ]
INFO: [ app_init ] --END-- [ RunTime:0.000000s ]
ERR: 无法加载模块:Public

[ 2017-09-21T11:54:41+08:00 ] 127.0.0.1 /Public/vendor/dist/bootstrap/css/bootstrap.min.css.map
INFO: [ app_init ] --START--
INFO: Run Behavior\BuildLiteBehavior [ RunTime:0.000000s ]
INFO: [ app_init ] --END-- [ RunTime:0.000000s ]
ERR: 无法加载模块:Public

[ 2017-09-21T11:54:41+08:00 ] 127.0.0.1 /Public/vendor/js/angular.min.js.map
INFO: [ app_init ] --START--
INFO: Run Behavior\BuildLiteBehavior [ RunTime:0.000000s ]
INFO: [ app_init ] --END-- [ RunTime:0.001000s ]
ERR: 无法加载模块:Public

[ 2017-09-21T11:56:36+08:00 ] 127.0.0.1 /Public/vendor/dist/bootstrap/css/bootstrap.min.css.map
INFO: [ app_init ] --START--
INFO: Run Behavior\BuildLiteBehavior [ RunTime:0.000000s ]
INFO: [ app_init ] --END-- [ RunTime:0.000000s ]
ERR: 无法加载模块:Public

[ 2017-09-21T11:56:36+08:00 ] 127.0.0.1 /Public/vendor/js/angular.min.js.map
INFO: [ app_init ] --START--
INFO: Run Behavior\BuildLiteBehavior [ RunTime:0.000000s ]
INFO: [ app_init ] --END-- [ RunTime:0.000000s ]
ERR: 无法加载模块:Public

[ 2017-09-21T11:57:38+08:00 ] 127.0.0.1 /Public/vendor/dist/bootstrap/css/bootstrap.min.css.map
INFO: [ app_init ] --START--
INFO: Run Behavior\BuildLiteBehavior [ RunTime:0.000000s ]
INFO: [ app_init ] --END-- [ RunTime:0.001001s ]
ERR: 无法加载模块:Public

[ 2017-09-21T11:57:38+08:00 ] 127.0.0.1 /Public/vendor/js/angular.min.js.map
INFO: [ app_init ] --START--
INFO: Run Behavior\BuildLiteBehavior [ RunTime:0.000000s ]
INFO: [ app_init ] --END-- [ RunTime:0.001000s ]
ERR: 无法加载模块:Public

[ 2017-09-21T11:57:42+08:00 ] 127.0.0.1 /Public/vendor/dist/bootstrap/css/bootstrap.min.css.map
INFO: [ app_init ] --START--
INFO: Run Behavior\BuildLiteBehavior [ RunTime:0.000000s ]
INFO: [ app_init ] --END-- [ RunTime:0.000000s ]
ERR: 无法加载模块:Public

[ 2017-09-21T11:57:42+08:00 ] 127.0.0.1 /Public/vendor/js/angular.min.js.map
INFO: [ app_init ] --START--
INFO: Run Behavior\BuildLiteBehavior [ RunTime:0.000000s ]
INFO: [ app_init ] --END-- [ RunTime:0.001000s ]
ERR: 无法加载模块:Public

[ 2017-09-21T12:28:38+08:00 ] 127.0.0.1 /Public/__PUBLIC__/vendor/require.js
ERR: 无法加载模块:Public

[ 2017-09-21T12:28:38+08:00 ] 127.0.0.1 /Public/__PUBLIC__/vendor/config.js
ERR: 无法加载模块:Public

[ 2017-09-21T12:28:40+08:00 ] 127.0.0.1 /Public/__PUBLIC__/vendor/require.js
ERR: 无法加载模块:Public

[ 2017-09-21T12:28:40+08:00 ] 127.0.0.1 /Public/__PUBLIC__/vendor/config.js
ERR: 无法加载模块:Public

[ 2017-09-21T12:29:14+08:00 ] 127.0.0.1 /Public/__PUBLIC__/vendor/require.js
ERR: 无法加载模块:Public

[ 2017-09-21T12:29:14+08:00 ] 127.0.0.1 /Public/__PUBLIC__/vendor/config.js
ERR: 无法加载模块:Public

[ 2017-09-21T12:29:52+08:00 ] 127.0.0.1 /Public/__PUBLIC__/vendor/require.js
ERR: 无法加载模块:Public

[ 2017-09-21T12:29:52+08:00 ] 127.0.0.1 /Public/__PUBLIC__/vendor/config.js
ERR: 无法加载模块:Public

[ 2017-09-21T12:30:13+08:00 ] 127.0.0.1 /Public/__PUBLIC__/vendor/require.js
ERR: 无法加载模块:Public

[ 2017-09-21T12:30:13+08:00 ] 127.0.0.1 /Public/__PUBLIC__/vendor/config.js
ERR: 无法加载模块:Public

[ 2017-09-21T12:31:02+08:00 ] 127.0.0.1 /Public/__PUBLIC__/vendor/require.js
ERR: 无法加载模块:Public

[ 2017-09-21T12:31:02+08:00 ] 127.0.0.1 /Public/__PUBLIC__/vendor/config.js
ERR: 无法加载模块:Public

[ 2017-09-21T12:31:03+08:00 ] 127.0.0.1 /Public/__PUBLIC__/vendor/require.js
ERR: 无法加载模块:Public

[ 2017-09-21T12:31:03+08:00 ] 127.0.0.1 /Public/__PUBLIC__/vendor/config.js
ERR: 无法加载模块:Public

[ 2017-09-21T12:31:19+08:00 ] 127.0.0.1 /Public/__PUBLIC__/vendor/require.js
ERR: 无法加载模块:Public

[ 2017-09-21T12:31:19+08:00 ] 127.0.0.1 /Public/__PUBLIC__/vendor/config.js
ERR: 无法加载模块:Public

[ 2017-09-21T12:31:58+08:00 ] 127.0.0.1 /vendor/require.js
ERR: 无法加载模块:Vendor

[ 2017-09-21T12:31:58+08:00 ] 127.0.0.1 /vendor/config.js
ERR: 无法加载模块:Vendor

[ 2017-09-21T12:32:05+08:00 ] 127.0.0.1 /vendor/js/util.js
ERR: 无法加载模块:Vendor

[ 2017-09-21T12:32:05+08:00 ] 127.0.0.1 /vendor/js/css.min.js
ERR: 无法加载模块:Vendor

[ 2017-09-21T12:32:05+08:00 ] 127.0.0.1 /vendor/js/angular.min.js
ERR: 无法加载模块:Vendor

[ 2017-09-21T12:32:05+08:00 ] 127.0.0.1 /vendor/js/jquery.min.js
ERR: 无法加载模块:Vendor

[ 2017-09-21T12:32:16+08:00 ] 127.0.0.1 /Public/vendor/js/__PUBLIC__/css/app.css
ERR: 无法加载模块:Public

[ 2017-09-21T12:32:17+08:00 ] 127.0.0.1 /Public/vendor/js/angular.min.js.map
ERR: 无法加载模块:Public

[ 2017-09-21T12:32:17+08:00 ] 127.0.0.1 /Public/vendor/dist/bootstrap/css/bootstrap.min.css.map
ERR: 无法加载模块:Public

[ 2017-09-21T13:58:56+08:00 ] 127.0.0.1 /Public/vendor/js/__PUBLIC__/css/app.css
ERR: 无法加载模块:Public

[ 2017-09-21T13:58:56+08:00 ] 127.0.0.1 /Public/vendor/js/angular.min.js.map
ERR: 无法加载模块:Public

[ 2017-09-21T13:58:56+08:00 ] 127.0.0.1 /Public/vendor/dist/bootstrap/css/bootstrap.min.css.map
ERR: 无法加载模块:Public

[ 2017-09-21T13:59:24+08:00 ] 127.0.0.1 /Public/vendor/js/__PUBLIC__/css/app.css
ERR: 无法加载模块:Public

[ 2017-09-21T13:59:24+08:00 ] 127.0.0.1 /Public/vendor/js/angular.min.js.map
ERR: 无法加载模块:Public

[ 2017-09-21T13:59:24+08:00 ] 127.0.0.1 /Public/vendor/dist/bootstrap/css/bootstrap.min.css.map
ERR: 无法加载模块:Public

[ 2017-09-21T13:59:40+08:00 ] 127.0.0.1 /Public/vendor/js/__PUBLIC__/css/app.css
ERR: 无法加载模块:Public

[ 2017-09-21T13:59:41+08:00 ] 127.0.0.1 /Public/vendor/js/angular.min.js.map
ERR: 无法加载模块:Public

[ 2017-09-21T13:59:41+08:00 ] 127.0.0.1 /Public/vendor/dist/bootstrap/css/bootstrap.min.css.map
ERR: 无法加载模块:Public

[ 2017-09-21T14:00:05+08:00 ] 127.0.0.1 /Public/vendor/js/__PUBLIC__/css/app.css
ERR: 无法加载模块:Public

[ 2017-09-21T14:00:05+08:00 ] 127.0.0.1 /Public/vendor/js/angular.min.js.map
ERR: 无法加载模块:Public

[ 2017-09-21T14:00:05+08:00 ] 127.0.0.1 /Public/vendor/dist/bootstrap/css/bootstrap.min.css.map
ERR: 无法加载模块:Public

[ 2017-09-21T14:00:32+08:00 ] 127.0.0.1 /Public/vendor/js/__PUBLIC__/css/app.css
ERR: 无法加载模块:Public

[ 2017-09-21T14:00:32+08:00 ] 127.0.0.1 /Public/vendor/js/angular.min.js.map
ERR: 无法加载模块:Public

[ 2017-09-21T14:00:32+08:00 ] 127.0.0.1 /Public/vendor/dist/bootstrap/css/bootstrap.min.css.map
ERR: 无法加载模块:Public

[ 2017-09-21T14:01:55+08:00 ] 127.0.0.1 /Public/vendor/js/__PUBLIC__/css/app.css
ERR: 无法加载模块:Public

[ 2017-09-21T14:01:55+08:00 ] 127.0.0.1 /Public/vendor/js/angular.min.js.map
ERR: 无法加载模块:Public

[ 2017-09-21T14:01:55+08:00 ] 127.0.0.1 /Public/vendor/dist/bootstrap/css/bootstrap.min.css.map
ERR: 无法加载模块:Public

[ 2017-09-21T14:02:18+08:00 ] 127.0.0.1 /Public/vendor/js/__PUBLIC__/css/app.css
ERR: 无法加载模块:Public

[ 2017-09-21T14:02:18+08:00 ] 127.0.0.1 /Public/vendor/js/angular.min.js.map
ERR: 无法加载模块:Public

[ 2017-09-21T14:02:18+08:00 ] 127.0.0.1 /Public/vendor/dist/bootstrap/css/bootstrap.min.css.map
ERR: 无法加载模块:Public

[ 2017-09-21T14:02:38+08:00 ] 127.0.0.1 /Public/vendor/js/__PUBLIC__/css/app.css
ERR: 无法加载模块:Public

[ 2017-09-21T14:02:38+08:00 ] 127.0.0.1 /Public/vendor/js/angular.min.js.map
ERR: 无法加载模块:Public

[ 2017-09-21T14:02:38+08:00 ] 127.0.0.1 /Public/vendor/dist/bootstrap/css/bootstrap.min.css.map
ERR: 无法加载模块:Public

[ 2017-09-21T14:02:44+08:00 ] 127.0.0.1 /Public/vendor/js/__PUBLIC__/css/app.css
ERR: 无法加载模块:Public

[ 2017-09-21T14:02:45+08:00 ] 127.0.0.1 /Public/vendor/js/angular.min.js.map
ERR: 无法加载模块:Public

[ 2017-09-21T14:02:45+08:00 ] 127.0.0.1 /Public/vendor/dist/bootstrap/css/bootstrap.min.css.map
ERR: 无法加载模块:Public

[ 2017-09-21T14:04:20+08:00 ] 127.0.0.1 /Public/vendor/js/__PUBLIC__/css/app.css
ERR: 无法加载模块:Public

[ 2017-09-21T14:04:20+08:00 ] 127.0.0.1 /Public/vendor/js/angular.min.js.map
ERR: 无法加载模块:Public

[ 2017-09-21T14:04:20+08:00 ] 127.0.0.1 /Public/vendor/dist/bootstrap/css/bootstrap.min.css.map
ERR: 无法加载模块:Public

[ 2017-09-21T14:04:29+08:00 ] 127.0.0.1 /Public/vendor/js/__PUBLIC__/css/app.css
ERR: 无法加载模块:Public

[ 2017-09-21T14:04:29+08:00 ] 127.0.0.1 /Public/vendor/js/angular.min.js.map
ERR: 无法加载模块:Public

[ 2017-09-21T14:04:29+08:00 ] 127.0.0.1 /Public/vendor/dist/bootstrap/css/bootstrap.min.css.map
ERR: 无法加载模块:Public

[ 2017-09-21T14:04:43+08:00 ] 127.0.0.1 /Public/vendor/js/__PUBLIC__/css/app.css
ERR: 无法加载模块:Public

[ 2017-09-21T14:04:43+08:00 ] 127.0.0.1 /Public/vendor/js/angular.min.js.map
ERR: 无法加载模块:Public

[ 2017-09-21T14:04:43+08:00 ] 127.0.0.1 /Public/vendor/dist/bootstrap/css/bootstrap.min.css.map
ERR: 无法加载模块:Public

[ 2017-09-21T14:05:32+08:00 ] 127.0.0.1 /Public/vendor/js/__PUBLIC__/css/app.css
ERR: 无法加载模块:Public

[ 2017-09-21T14:05:32+08:00 ] 127.0.0.1 /Public/vendor/js/angular.min.js.map
ERR: 无法加载模块:Public

[ 2017-09-21T14:05:32+08:00 ] 127.0.0.1 /Public/vendor/dist/bootstrap/css/bootstrap.min.css.map
ERR: 无法加载模块:Public

[ 2017-09-21T14:05:47+08:00 ] 127.0.0.1 /Public/vendor/js/__PUBLIC__/css/app.css
ERR: 无法加载模块:Public

[ 2017-09-21T14:05:47+08:00 ] 127.0.0.1 /Public/vendor/js/angular.min.js.map
ERR: 无法加载模块:Public

[ 2017-09-21T14:05:47+08:00 ] 127.0.0.1 /Public/vendor/dist/bootstrap/css/bootstrap.min.css.map
ERR: 无法加载模块:Public

[ 2017-09-21T14:06:27+08:00 ] 127.0.0.1 /Public/vendor/js/__PUBLIC__/css/app.css
ERR: 无法加载模块:Public

[ 2017-09-21T14:06:27+08:00 ] 127.0.0.1 /Public/vendor/js/angular.min.js.map
ERR: 无法加载模块:Public

[ 2017-09-21T14:06:27+08:00 ] 127.0.0.1 /Public/vendor/dist/bootstrap/css/bootstrap.min.css.map
ERR: 无法加载模块:Public

[ 2017-09-21T14:06:57+08:00 ] 127.0.0.1 /Public/vendor/js/__PUBLIC__/css/app.css
ERR: 无法加载模块:Public

[ 2017-09-21T14:06:57+08:00 ] 127.0.0.1 /Public/vendor/js/angular.min.js.map
ERR: 无法加载模块:Public

[ 2017-09-21T14:06:57+08:00 ] 127.0.0.1 /Public/vendor/dist/bootstrap/css/bootstrap.min.css.map
ERR: 无法加载模块:Public

[ 2017-09-21T14:07:48+08:00 ] 127.0.0.1 /Public/vendor/js/__PUBLIC__/css/app.css
ERR: 无法加载模块:Public

[ 2017-09-21T14:07:49+08:00 ] 127.0.0.1 /Public/vendor/js/angular.min.js.map
ERR: 无法加载模块:Public

[ 2017-09-21T14:07:49+08:00 ] 127.0.0.1 /Public/vendor/dist/bootstrap/css/bootstrap.min.css.map
ERR: 无法加载模块:Public

[ 2017-09-21T14:08:43+08:00 ] 127.0.0.1 /Public/vendor/js/__PUBLIC__/css/app.css
ERR: 无法加载模块:Public

[ 2017-09-21T14:08:43+08:00 ] 127.0.0.1 /Public/vendor/js/angular.min.js.map
ERR: 无法加载模块:Public

[ 2017-09-21T14:08:44+08:00 ] 127.0.0.1 /Public/vendor/dist/bootstrap/css/bootstrap.min.css.map
ERR: 无法加载模块:Public

[ 2017-09-21T14:09:13+08:00 ] 127.0.0.1 /Public/vendor/js/__PUBLIC__/css/app.css
ERR: 无法加载模块:Public

[ 2017-09-21T14:09:13+08:00 ] 127.0.0.1 /Public/vendor/dist/bootstrap/css/bootstrap.min.css.map
ERR: 无法加载模块:Public

[ 2017-09-21T14:09:13+08:00 ] 127.0.0.1 /Public/vendor/js/angular.min.js.map
ERR: 无法加载模块:Public

[ 2017-09-21T14:11:04+08:00 ] 127.0.0.1 /Public/vendor/js/__PUBLIC__/css/app.css
ERR: 无法加载模块:Public

[ 2017-09-21T14:11:04+08:00 ] 127.0.0.1 /Public/vendor/js/angular.min.js.map
ERR: 无法加载模块:Public

[ 2017-09-21T14:11:04+08:00 ] 127.0.0.1 /Public/vendor/dist/bootstrap/css/bootstrap.min.css.map
ERR: 无法加载模块:Public

[ 2017-09-21T14:12:42+08:00 ] 127.0.0.1 /Public/vendor/js/__PUBLIC__/css/app.css
ERR: 无法加载模块:Public

[ 2017-09-21T14:12:42+08:00 ] 127.0.0.1 /Public/vendor/js/angular.min.js.map
ERR: 无法加载模块:Public

[ 2017-09-21T14:12:42+08:00 ] 127.0.0.1 /Public/vendor/dist/bootstrap/css/bootstrap.min.css.map
ERR: 无法加载模块:Public

[ 2017-09-21T14:13:24+08:00 ] 127.0.0.1 /Public/vendor/js/__PUBLIC__/css/app.css
ERR: 无法加载模块:Public

[ 2017-09-21T14:13:25+08:00 ] 127.0.0.1 /Public/vendor/js/angular.min.js.map
ERR: 无法加载模块:Public

[ 2017-09-21T14:13:25+08:00 ] 127.0.0.1 /Public/vendor/dist/bootstrap/css/bootstrap.min.css.map
ERR: 无法加载模块:Public

[ 2017-09-21T14:14:03+08:00 ] 127.0.0.1 /Public/vendor/js/__PUBLIC__/css/app.css
ERR: 无法加载模块:Public

[ 2017-09-21T14:14:03+08:00 ] 127.0.0.1 /Public/vendor/js/angular.min.js.map
ERR: 无法加载模块:Public

[ 2017-09-21T14:14:03+08:00 ] 127.0.0.1 /Public/vendor/dist/bootstrap/css/bootstrap.min.css.map
ERR: 无法加载模块:Public

[ 2017-09-21T14:14:12+08:00 ] 127.0.0.1 /Public/vendor/js/__PUBLIC__/css/app.css
ERR: 无法加载模块:Public

[ 2017-09-21T14:14:12+08:00 ] 127.0.0.1 /Public/vendor/js/angular.min.js.map
ERR: 无法加载模块:Public

[ 2017-09-21T14:14:12+08:00 ] 127.0.0.1 /Public/vendor/dist/bootstrap/css/bootstrap.min.css.map
ERR: 无法加载模块:Public

[ 2017-09-21T14:14:50+08:00 ] 127.0.0.1 /Public/vendor/js/css.min/app.css
ERR: 无法加载模块:Public

[ 2017-09-21T14:14:50+08:00 ] 127.0.0.1 /Public/vendor/js/angular.min.js.map
ERR: 无法加载模块:Public

[ 2017-09-21T14:14:50+08:00 ] 127.0.0.1 /Public/vendor/dist/bootstrap/css/bootstrap.min.css.map
ERR: 无法加载模块:Public

[ 2017-09-21T14:15:02+08:00 ] 127.0.0.1 /Public/vendor/js/angular.min.js.map
ERR: 无法加载模块:Public

[ 2017-09-21T14:15:02+08:00 ] 127.0.0.1 /Public/vendor/dist/bootstrap/css/bootstrap.min.css.map
ERR: 无法加载模块:Public

[ 2017-09-21T14:15:22+08:00 ] 127.0.0.1 /Public/vendor/js/angular.min.js.map
ERR: 无法加载模块:Public

[ 2017-09-21T14:15:23+08:00 ] 127.0.0.1 /Public/vendor/dist/bootstrap/css/bootstrap.min.css.map
ERR: 无法加载模块:Public

[ 2017-09-21T14:16:00+08:00 ] 127.0.0.1 /Public/vendor/js/angular.min.js.map
ERR: 无法加载模块:Public

[ 2017-09-21T14:16:00+08:00 ] 127.0.0.1 /Public/vendor/dist/bootstrap/css/bootstrap.min.css.map
ERR: 无法加载模块:Public

[ 2017-09-21T14:16:02+08:00 ] 127.0.0.1 /Public/__ROOT__
ERR: 无法加载模块:Public

[ 2017-09-21T14:16:03+08:00 ] 127.0.0.1 /Public/vendor/js/angular.min.js.map
ERR: 无法加载模块:Public

[ 2017-09-21T14:16:03+08:00 ] 127.0.0.1 /Public/vendor/dist/bootstrap/css/bootstrap.min.css.map
ERR: 无法加载模块:Public

[ 2017-09-21T14:16:22+08:00 ] 127.0.0.1 /Public/vendor/js/angular.min.js.map
ERR: 无法加载模块:Public

[ 2017-09-21T14:16:22+08:00 ] 127.0.0.1 /Public/vendor/dist/bootstrap/css/bootstrap.min.css.map
ERR: 无法加载模块:Public

[ 2017-09-21T14:17:50+08:00 ] 127.0.0.1 /Public/vendor/js/angular.min.js.map
ERR: 无法加载模块:Public

[ 2017-09-21T14:17:50+08:00 ] 127.0.0.1 /Public/vendor/dist/bootstrap/css/bootstrap.min.css.map
ERR: 无法加载模块:Public

[ 2017-09-21T14:17:52+08:00 ] 127.0.0.1 /Public/%7B__ROOT__%7D
ERR: 无法加载模块:Public

[ 2017-09-21T14:17:52+08:00 ] 127.0.0.1 /Public/vendor/js/angular.min.js.map
ERR: 无法加载模块:Public

[ 2017-09-21T14:17:52+08:00 ] 127.0.0.1 /Public/vendor/dist/bootstrap/css/bootstrap.min.css.map
ERR: 无法加载模块:Public

[ 2017-09-21T14:18:41+08:00 ] 127.0.0.1 /Public/vendor/js/angular.min.js.map
ERR: 无法加载模块:Public

[ 2017-09-21T14:18:41+08:00 ] 127.0.0.1 /Public/vendor/dist/bootstrap/css/bootstrap.min.css.map
ERR: 无法加载模块:Public

[ 2017-09-21T14:20:30+08:00 ] 127.0.0.1 /Public/vendor/js/angular.min.js.map
ERR: 无法加载模块:Public

[ 2017-09-21T14:20:30+08:00 ] 127.0.0.1 /Public/vendor/dist/bootstrap/css/bootstrap.min.css.map
ERR: 无法加载模块:Public

[ 2017-09-21T14:20:33+08:00 ] 127.0.0.1 /Public/vendor/js/angular.min.js.map
ERR: 无法加载模块:Public

[ 2017-09-21T14:20:33+08:00 ] 127.0.0.1 /Public/vendor/dist/bootstrap/css/bootstrap.min.css.map
ERR: 无法加载模块:Public

[ 2017-09-21T14:20:35+08:00 ] 127.0.0.1 /Public/vendor/js/angular.min.js.map
ERR: 无法加载模块:Public

[ 2017-09-21T14:20:35+08:00 ] 127.0.0.1 /Public/vendor/dist/bootstrap/css/bootstrap.min.css.map
ERR: 无法加载模块:Public

[ 2017-09-21T14:20:36+08:00 ] 127.0.0.1 /Public/vendor/dist/bootstrap/css/bootstrap.min.css.map
ERR: 无法加载模块:Public

[ 2017-09-21T14:20:36+08:00 ] 127.0.0.1 /Public/vendor/js/angular.min.js.map
ERR: 无法加载模块:Public

[ 2017-09-21T14:20:38+08:00 ] 127.0.0.1 /Public/vendor/js/angular.min.js.map
ERR: 无法加载模块:Public

[ 2017-09-21T14:20:38+08:00 ] 127.0.0.1 /Public/vendor/dist/bootstrap/css/bootstrap.min.css.map
ERR: 无法加载模块:Public

[ 2017-09-21T14:20:40+08:00 ] 127.0.0.1 /Public/vendor/js/angular.min.js.map
ERR: 无法加载模块:Public

[ 2017-09-21T14:20:40+08:00 ] 127.0.0.1 /Public/vendor/dist/bootstrap/css/bootstrap.min.css.map
ERR: 无法加载模块:Public

[ 2017-09-21T14:20:52+08:00 ] 127.0.0.1 /Public/vendor/js/angular.min.js.map
ERR: 无法加载模块:Public

[ 2017-09-21T14:20:52+08:00 ] 127.0.0.1 /Public/vendor/dist/bootstrap/css/bootstrap.min.css.map
ERR: 无法加载模块:Public

[ 2017-09-21T14:22:37+08:00 ] 127.0.0.1 /Public/vendor/js/angular.min.js.map
ERR: 无法加载模块:Public

[ 2017-09-21T14:22:37+08:00 ] 127.0.0.1 /Public/vendor/dist/bootstrap/css/bootstrap.min.css.map
ERR: 无法加载模块:Public

[ 2017-09-21T14:22:37+08:00 ] 127.0.0.1 /Public/__ROOT__
ERR: 无法加载模块:Public

[ 2017-09-21T14:22:38+08:00 ] 127.0.0.1 /Public/vendor/js/angular.min.js.map
ERR: 无法加载模块:Public

[ 2017-09-21T14:22:38+08:00 ] 127.0.0.1 /Public/vendor/dist/bootstrap/css/bootstrap.min.css.map
ERR: 无法加载模块:Public

[ 2017-09-21T14:22:51+08:00 ] 127.0.0.1 /Public/vendor/js/angular.min.js.map
ERR: 无法加载模块:Public

[ 2017-09-21T14:22:51+08:00 ] 127.0.0.1 /Public/vendor/dist/bootstrap/css/bootstrap.min.css.map
ERR: 无法加载模块:Public

[ 2017-09-21T14:22:55+08:00 ] 127.0.0.1 /Public/vendor/js/angular.min.js.map
ERR: 无法加载模块:Public

[ 2017-09-21T14:22:55+08:00 ] 127.0.0.1 /Public/vendor/dist/bootstrap/css/bootstrap.min.css.map
ERR: 无法加载模块:Public

[ 2017-09-21T14:23:07+08:00 ] 127.0.0.1 /Public/vendor/js/angular.min.js.map
ERR: 无法加载模块:Public

[ 2017-09-21T14:23:07+08:00 ] 127.0.0.1 /Public/vendor/dist/bootstrap/css/bootstrap.min.css.map
ERR: 无法加载模块:Public

[ 2017-09-21T14:23:08+08:00 ] 127.0.0.1 /Public/__DIR__
ERR: 无法加载模块:Public

[ 2017-09-21T14:23:08+08:00 ] 127.0.0.1 /Public/vendor/js/angular.min.js.map
ERR: 无法加载模块:Public

[ 2017-09-21T14:23:08+08:00 ] 127.0.0.1 /Public/vendor/dist/bootstrap/css/bootstrap.min.css.map
ERR: 无法加载模块:Public

[ 2017-09-21T14:24:03+08:00 ] 127.0.0.1 /Public/__DIR__
ERR: 无法加载模块:Public

